2019-03-04 22:30:03  django.db.backends  DEBUG  [90]   (0.007) SELECT @@SQL_AUTO_IS_NULL; args=None
2019-03-04 22:30:03  django.db.backends  DEBUG  [90]   (0.007) SELECT @@SQL_AUTO_IS_NULL; args=None
2019-03-04 22:30:03  django.db.backends  DEBUG  [90]   (0.007) SELECT VERSION(); args=None
2019-03-04 22:30:03  django.db.backends  DEBUG  [90]   (0.007) SELECT VERSION(); args=None
2019-03-04 22:30:04  django.db.backends  DEBUG  [90]   (0.009) SHOW FULL TABLES; args=None
2019-03-04 22:30:04  django.db.backends  DEBUG  [90]   (0.010) SHOW FULL TABLES; args=None
2019-03-04 22:30:04  django.db.backends  DEBUG  [90]   (0.058) SELECT `django_migrations`.`app`, `django_migrations`.`name` FROM `django_migrations`; args=()
2019-03-04 22:30:04  django.db.backends  DEBUG  [90]   (0.058) SELECT `django_migrations`.`app`, `django_migrations`.`name` FROM `django_migrations`; args=()
2019-03-04 22:30:14  django.db.backends  DEBUG  [90]   (0.011) SELECT @@SQL_AUTO_IS_NULL; args=None
2019-03-04 22:30:14  django.db.backends  DEBUG  [90]   (0.009) SELECT `auth_user`.`username`, `auth_user`.`email` FROM `auth_user` LIMIT 10; args=()
2019-03-04 22:34:43  django.db.backends  DEBUG  [90]   (0.007) SELECT @@SQL_AUTO_IS_NULL; args=None
2019-03-04 22:34:43  django.db.backends  DEBUG  [90]   (0.008) SELECT @@SQL_AUTO_IS_NULL; args=None
2019-03-04 22:34:43  django.db.backends  DEBUG  [90]   (0.008) SELECT VERSION(); args=None
2019-03-04 22:34:43  django.db.backends  DEBUG  [90]   (0.008) SELECT VERSION(); args=None
2019-03-04 22:34:43  django.db.backends  DEBUG  [90]   (0.011) SHOW FULL TABLES; args=None
2019-03-04 22:34:43  django.db.backends  DEBUG  [90]   (0.015) SHOW FULL TABLES; args=None
2019-03-04 22:34:43  django.db.backends  DEBUG  [90]   (0.009) SELECT `django_migrations`.`app`, `django_migrations`.`name` FROM `django_migrations`; args=()
2019-03-04 22:34:43  django.db.backends  DEBUG  [90]   (0.009) SELECT `django_migrations`.`app`, `django_migrations`.`name` FROM `django_migrations`; args=()
2019-03-04 22:39:35  django.db.backends  DEBUG  [90]   (0.007) SELECT @@SQL_AUTO_IS_NULL; args=None
2019-03-04 22:39:35  django.db.backends  DEBUG  [90]   (0.008) SELECT @@SQL_AUTO_IS_NULL; args=None
2019-03-04 22:39:35  django.db.backends  DEBUG  [90]   (0.007) SELECT VERSION(); args=None
2019-03-04 22:39:35  django.db.backends  DEBUG  [90]   (0.007) SELECT VERSION(); args=None
2019-03-04 22:39:35  django.db.backends  DEBUG  [90]   (0.011) SHOW FULL TABLES; args=None
2019-03-04 22:39:35  django.db.backends  DEBUG  [90]   (0.009) SHOW FULL TABLES; args=None
2019-03-04 22:39:35  django.db.backends  DEBUG  [90]   (0.009) SELECT `django_migrations`.`app`, `django_migrations`.`name` FROM `django_migrations`; args=()
2019-03-04 22:39:35  django.db.backends  DEBUG  [90]   (0.009) SELECT `django_migrations`.`app`, `django_migrations`.`name` FROM `django_migrations`; args=()
2019-03-04 22:39:56  django.db.backends  DEBUG  [90]   (0.008) SELECT @@SQL_AUTO_IS_NULL; args=None
2019-03-04 22:39:56  django.db.backends  DEBUG  [90]   (0.009) SELECT @@SQL_AUTO_IS_NULL; args=None
2019-03-04 22:39:56  django.db.backends  DEBUG  [90]   (0.009) SELECT VERSION(); args=None
2019-03-04 22:39:56  django.db.backends  DEBUG  [90]   (0.008) SELECT VERSION(); args=None
2019-03-04 22:39:56  django.db.backends  DEBUG  [90]   (0.009) SHOW FULL TABLES; args=None
2019-03-04 22:39:56  django.db.backends  DEBUG  [90]   (0.011) SHOW FULL TABLES; args=None
2019-03-04 22:39:56  django.db.backends  DEBUG  [90]   (0.007) SELECT `django_migrations`.`app`, `django_migrations`.`name` FROM `django_migrations`; args=()
2019-03-04 22:39:56  django.db.backends  DEBUG  [90]   (0.008) SELECT `django_migrations`.`app`, `django_migrations`.`name` FROM `django_migrations`; args=()
2019-03-04 22:41:06  django.db.backends  DEBUG  [90]   (0.008) SELECT @@SQL_AUTO_IS_NULL; args=None
2019-03-04 22:41:06  django.db.backends  DEBUG  [90]   (0.009) SELECT `auth_user`.`username`, `auth_user`.`email` FROM `auth_user` LIMIT 10; args=()
2019-03-04 22:44:37  django.db.backends  DEBUG  [90]   (0.010) SELECT @@SQL_AUTO_IS_NULL; args=None
2019-03-04 22:44:37  django.db.backends  DEBUG  [90]   (0.012) SELECT `auth_user`.`username`, `auth_user`.`email` FROM `auth_user` LIMIT 10; args=()
2019-03-04 22:44:38  django.db.backends  DEBUG  [90]   (0.011) SELECT @@SQL_AUTO_IS_NULL; args=None
2019-03-04 22:44:38  django.db.backends  DEBUG  [90]   (0.009) SELECT `auth_user`.`username`, `auth_user`.`email` FROM `auth_user` LIMIT 10; args=()
2019-03-04 22:44:38  django.db.backends  DEBUG  [90]   (0.008) SELECT @@SQL_AUTO_IS_NULL; args=None
2019-03-04 22:44:38  django.db.backends  DEBUG  [90]   (0.011) SELECT `auth_user`.`username`, `auth_user`.`email` FROM `auth_user` LIMIT 10; args=()
2019-03-04 22:44:38  django.db.backends  DEBUG  [90]   (0.008) SELECT @@SQL_AUTO_IS_NULL; args=None
2019-03-04 22:44:38  django.db.backends  DEBUG  [90]   (0.012) SELECT `auth_user`.`username`, `auth_user`.`email` FROM `auth_user` LIMIT 10; args=()
2019-03-04 22:44:38  django.db.backends  DEBUG  [90]   (0.011) SELECT @@SQL_AUTO_IS_NULL; args=None
2019-03-04 22:44:38  django.db.backends  DEBUG  [90]   (0.009) SELECT `auth_user`.`username`, `auth_user`.`email` FROM `auth_user` LIMIT 10; args=()
2019-03-04 22:44:39  django.db.backends  DEBUG  [90]   (0.009) SELECT @@SQL_AUTO_IS_NULL; args=None
2019-03-04 22:44:39  django.db.backends  DEBUG  [90]   (0.012) SELECT `auth_user`.`username`, `auth_user`.`email` FROM `auth_user` LIMIT 10; args=()
2019-03-04 22:44:39  django.db.backends  DEBUG  [90]   (0.011) SELECT @@SQL_AUTO_IS_NULL; args=None
2019-03-04 22:44:39  django.db.backends  DEBUG  [90]   (0.011) SELECT `auth_user`.`username`, `auth_user`.`email` FROM `auth_user` LIMIT 10; args=()
2019-03-04 22:44:39  django.db.backends  DEBUG  [90]   (0.007) SELECT @@SQL_AUTO_IS_NULL; args=None
2019-03-04 22:44:39  django.db.backends  DEBUG  [90]   (0.008) SELECT `auth_user`.`username`, `auth_user`.`email` FROM `auth_user` LIMIT 10; args=()
2019-03-04 22:44:39  django.db.backends  DEBUG  [90]   (0.011) SELECT @@SQL_AUTO_IS_NULL; args=None
2019-03-04 22:44:39  django.db.backends  DEBUG  [90]   (0.011) SELECT `auth_user`.`username`, `auth_user`.`email` FROM `auth_user` LIMIT 10; args=()
2019-03-04 22:44:39  django.db.backends  DEBUG  [90]   (0.008) SELECT @@SQL_AUTO_IS_NULL; args=None
2019-03-04 22:44:39  django.db.backends  DEBUG  [90]   (0.008) SELECT `auth_user`.`username`, `auth_user`.`email` FROM `auth_user` LIMIT 10; args=()
2019-03-04 22:44:40  django.db.backends  DEBUG  [90]   (0.009) SELECT @@SQL_AUTO_IS_NULL; args=None
2019-03-04 22:44:40  django.db.backends  DEBUG  [90]   (0.011) SELECT `auth_user`.`username`, `auth_user`.`email` FROM `auth_user` LIMIT 10; args=()
2019-03-04 22:44:40  django.db.backends  DEBUG  [90]   (0.008) SELECT @@SQL_AUTO_IS_NULL; args=None
2019-03-04 22:44:40  django.db.backends  DEBUG  [90]   (0.010) SELECT `auth_user`.`username`, `auth_user`.`email` FROM `auth_user` LIMIT 10; args=()
2019-03-04 22:44:40  django.db.backends  DEBUG  [90]   (0.009) SELECT @@SQL_AUTO_IS_NULL; args=None
2019-03-04 22:44:40  django.db.backends  DEBUG  [90]   (0.009) SELECT `auth_user`.`username`, `auth_user`.`email` FROM `auth_user` LIMIT 10; args=()
2019-03-04 22:44:40  django.db.backends  DEBUG  [90]   (0.008) SELECT @@SQL_AUTO_IS_NULL; args=None
2019-03-04 22:44:40  django.db.backends  DEBUG  [90]   (0.008) SELECT `auth_user`.`username`, `auth_user`.`email` FROM `auth_user` LIMIT 10; args=()
2019-03-04 22:44:41  django.db.backends  DEBUG  [90]   (0.011) SELECT @@SQL_AUTO_IS_NULL; args=None
2019-03-04 22:44:41  django.db.backends  DEBUG  [90]   (0.009) SELECT `auth_user`.`username`, `auth_user`.`email` FROM `auth_user` LIMIT 10; args=()
2019-03-04 22:44:41  django.db.backends  DEBUG  [90]   (0.010) SELECT @@SQL_AUTO_IS_NULL; args=None
2019-03-04 22:44:41  django.db.backends  DEBUG  [90]   (0.009) SELECT `auth_user`.`username`, `auth_user`.`email` FROM `auth_user` LIMIT 10; args=()
2019-03-04 22:44:45  django.db.backends  DEBUG  [90]   (0.008) SELECT @@SQL_AUTO_IS_NULL; args=None
2019-03-04 22:44:45  django.db.backends  DEBUG  [90]   (0.009) SELECT `auth_user`.`username`, `auth_user`.`email` FROM `auth_user` LIMIT 10; args=()
2019-03-04 22:44:45  django.db.backends  DEBUG  [90]   (0.006) SELECT @@SQL_AUTO_IS_NULL; args=None
2019-03-04 22:44:45  django.db.backends  DEBUG  [90]   (0.012) SELECT `auth_user`.`username`, `auth_user`.`email` FROM `auth_user` LIMIT 10; args=()
2019-03-04 22:44:46  django.db.backends  DEBUG  [90]   (0.008) SELECT @@SQL_AUTO_IS_NULL; args=None
2019-03-04 22:44:46  django.db.backends  DEBUG  [90]   (0.016) SELECT `auth_user`.`username`, `auth_user`.`email` FROM `auth_user` LIMIT 10; args=()
2019-03-04 22:44:46  django.db.backends  DEBUG  [90]   (0.009) SELECT @@SQL_AUTO_IS_NULL; args=None
2019-03-04 22:44:46  django.db.backends  DEBUG  [90]   (0.010) SELECT `auth_user`.`username`, `auth_user`.`email` FROM `auth_user` LIMIT 10; args=()
2019-03-04 22:44:47  django.db.backends  DEBUG  [90]   (0.010) SELECT @@SQL_AUTO_IS_NULL; args=None
2019-03-04 22:44:47  django.db.backends  DEBUG  [90]   (0.010) SELECT `auth_user`.`username`, `auth_user`.`email` FROM `auth_user` LIMIT 10; args=()
2019-03-04 22:45:03  django.db.backends  DEBUG  [90]   (0.010) SELECT @@SQL_AUTO_IS_NULL; args=None
2019-03-04 22:45:03  django.db.backends  DEBUG  [90]   (0.010) SELECT `auth_user`.`username`, `auth_user`.`email` FROM `auth_user` LIMIT 10; args=()
2019-03-04 22:45:04  django.db.backends  DEBUG  [90]   (0.009) SELECT @@SQL_AUTO_IS_NULL; args=None
2019-03-04 22:45:04  django.db.backends  DEBUG  [90]   (0.036) SELECT `auth_user`.`username`, `auth_user`.`email` FROM `auth_user` LIMIT 10; args=()
2019-03-04 22:45:04  django.db.backends  DEBUG  [90]   (0.009) SELECT @@SQL_AUTO_IS_NULL; args=None
2019-03-04 22:45:04  django.db.backends  DEBUG  [90]   (0.011) SELECT `auth_user`.`username`, `auth_user`.`email` FROM `auth_user` LIMIT 10; args=()
2019-03-04 22:45:04  django.db.backends  DEBUG  [90]   (0.009) SELECT @@SQL_AUTO_IS_NULL; args=None
2019-03-04 22:45:05  django.db.backends  DEBUG  [90]   (0.012) SELECT `auth_user`.`username`, `auth_user`.`email` FROM `auth_user` LIMIT 10; args=()
2019-03-04 22:45:05  django.db.backends  DEBUG  [90]   (0.008) SELECT @@SQL_AUTO_IS_NULL; args=None
2019-03-04 22:45:05  django.db.backends  DEBUG  [90]   (0.008) SELECT `auth_user`.`username`, `auth_user`.`email` FROM `auth_user` LIMIT 10; args=()
2019-03-04 22:45:05  django.db.backends  DEBUG  [90]   (0.009) SELECT @@SQL_AUTO_IS_NULL; args=None
2019-03-04 22:45:05  django.db.backends  DEBUG  [90]   (0.010) SELECT `auth_user`.`username`, `auth_user`.`email` FROM `auth_user` LIMIT 10; args=()
2019-03-04 22:45:05  django.db.backends  DEBUG  [90]   (0.007) SELECT @@SQL_AUTO_IS_NULL; args=None
2019-03-04 22:45:05  django.db.backends  DEBUG  [90]   (0.010) SELECT `auth_user`.`username`, `auth_user`.`email` FROM `auth_user` LIMIT 10; args=()
2019-03-04 22:45:05  django.db.backends  DEBUG  [90]   (0.008) SELECT @@SQL_AUTO_IS_NULL; args=None
2019-03-04 22:45:05  django.db.backends  DEBUG  [90]   (0.009) SELECT `auth_user`.`username`, `auth_user`.`email` FROM `auth_user` LIMIT 10; args=()
2019-03-04 22:45:06  django.db.backends  DEBUG  [90]   (0.009) SELECT @@SQL_AUTO_IS_NULL; args=None
2019-03-04 22:45:06  django.db.backends  DEBUG  [90]   (0.011) SELECT `auth_user`.`username`, `auth_user`.`email` FROM `auth_user` LIMIT 10; args=()
2019-03-04 22:45:06  django.db.backends  DEBUG  [90]   (0.014) SELECT @@SQL_AUTO_IS_NULL; args=None
2019-03-04 22:45:06  django.db.backends  DEBUG  [90]   (0.012) SELECT `auth_user`.`username`, `auth_user`.`email` FROM `auth_user` LIMIT 10; args=()
2019-03-04 22:45:06  django.db.backends  DEBUG  [90]   (0.054) SELECT @@SQL_AUTO_IS_NULL; args=None
2019-03-04 22:45:06  django.db.backends  DEBUG  [90]   (0.021) SELECT `auth_user`.`username`, `auth_user`.`email` FROM `auth_user` LIMIT 10; args=()
2019-03-04 22:45:07  django.db.backends  DEBUG  [90]   (0.007) SELECT @@SQL_AUTO_IS_NULL; args=None
2019-03-04 22:45:07  django.db.backends  DEBUG  [90]   (0.009) SELECT `auth_user`.`username`, `auth_user`.`email` FROM `auth_user` LIMIT 10; args=()
2019-03-04 22:45:07  django.db.backends  DEBUG  [90]   (0.008) SELECT @@SQL_AUTO_IS_NULL; args=None
2019-03-04 22:45:07  django.db.backends  DEBUG  [90]   (0.010) SELECT `auth_user`.`username`, `auth_user`.`email` FROM `auth_user` LIMIT 10; args=()
2019-03-04 22:45:07  django.db.backends  DEBUG  [90]   (0.012) SELECT @@SQL_AUTO_IS_NULL; args=None
2019-03-04 22:45:07  django.db.backends  DEBUG  [90]   (0.007) SELECT `auth_user`.`username`, `auth_user`.`email` FROM `auth_user` LIMIT 10; args=()
2019-03-04 22:45:07  django.db.backends  DEBUG  [90]   (0.010) SELECT @@SQL_AUTO_IS_NULL; args=None
2019-03-04 22:45:07  django.db.backends  DEBUG  [90]   (0.008) SELECT `auth_user`.`username`, `auth_user`.`email` FROM `auth_user` LIMIT 10; args=()
2019-03-04 22:45:07  django.db.backends  DEBUG  [90]   (0.013) SELECT @@SQL_AUTO_IS_NULL; args=None
2019-03-04 22:45:08  django.db.backends  DEBUG  [90]   (0.010) SELECT `auth_user`.`username`, `auth_user`.`email` FROM `auth_user` LIMIT 10; args=()
2019-03-04 22:45:08  django.db.backends  DEBUG  [90]   (0.009) SELECT @@SQL_AUTO_IS_NULL; args=None
2019-03-04 22:45:08  django.db.backends  DEBUG  [90]   (0.008) SELECT `auth_user`.`username`, `auth_user`.`email` FROM `auth_user` LIMIT 10; args=()
2019-03-04 22:45:08  django.db.backends  DEBUG  [90]   (0.007) SELECT @@SQL_AUTO_IS_NULL; args=None
2019-03-04 22:45:08  django.db.backends  DEBUG  [90]   (0.008) SELECT `auth_user`.`username`, `auth_user`.`email` FROM `auth_user` LIMIT 10; args=()
2019-03-04 22:45:08  django.db.backends  DEBUG  [90]   (0.008) SELECT @@SQL_AUTO_IS_NULL; args=None
2019-03-04 22:45:08  django.db.backends  DEBUG  [90]   (0.009) SELECT `auth_user`.`username`, `auth_user`.`email` FROM `auth_user` LIMIT 10; args=()
2019-03-04 22:45:08  django.db.backends  DEBUG  [90]   (0.008) SELECT @@SQL_AUTO_IS_NULL; args=None
2019-03-04 22:45:08  django.db.backends  DEBUG  [90]   (0.008) SELECT `auth_user`.`username`, `auth_user`.`email` FROM `auth_user` LIMIT 10; args=()
2019-03-04 22:45:09  django.db.backends  DEBUG  [90]   (0.009) SELECT @@SQL_AUTO_IS_NULL; args=None
2019-03-04 22:45:09  django.db.backends  DEBUG  [90]   (0.008) SELECT `auth_user`.`username`, `auth_user`.`email` FROM `auth_user` LIMIT 10; args=()
2019-03-04 22:45:09  django.db.backends  DEBUG  [90]   (0.008) SELECT @@SQL_AUTO_IS_NULL; args=None
2019-03-04 22:45:09  django.db.backends  DEBUG  [90]   (0.010) SELECT `auth_user`.`username`, `auth_user`.`email` FROM `auth_user` LIMIT 10; args=()
2019-03-04 22:45:09  django.db.backends  DEBUG  [90]   (0.010) SELECT @@SQL_AUTO_IS_NULL; args=None
2019-03-04 22:45:09  django.db.backends  DEBUG  [90]   (0.010) SELECT `auth_user`.`username`, `auth_user`.`email` FROM `auth_user` LIMIT 10; args=()
2019-03-04 22:45:09  django.db.backends  DEBUG  [90]   (0.010) SELECT @@SQL_AUTO_IS_NULL; args=None
2019-03-04 22:45:09  django.db.backends  DEBUG  [90]   (0.010) SELECT `auth_user`.`username`, `auth_user`.`email` FROM `auth_user` LIMIT 10; args=()
2019-03-04 22:45:09  django.db.backends  DEBUG  [90]   (0.011) SELECT @@SQL_AUTO_IS_NULL; args=None
2019-03-04 22:45:09  django.db.backends  DEBUG  [90]   (0.008) SELECT `auth_user`.`username`, `auth_user`.`email` FROM `auth_user` LIMIT 10; args=()
2019-03-04 22:45:10  django.db.backends  DEBUG  [90]   (0.010) SELECT @@SQL_AUTO_IS_NULL; args=None
2019-03-04 22:45:10  django.db.backends  DEBUG  [90]   (0.010) SELECT `auth_user`.`username`, `auth_user`.`email` FROM `auth_user` LIMIT 10; args=()
2019-03-04 22:45:10  django.db.backends  DEBUG  [90]   (0.008) SELECT @@SQL_AUTO_IS_NULL; args=None
2019-03-04 22:45:10  django.db.backends  DEBUG  [90]   (0.010) SELECT `auth_user`.`username`, `auth_user`.`email` FROM `auth_user` LIMIT 10; args=()
2019-03-04 22:45:10  django.db.backends  DEBUG  [90]   (0.010) SELECT @@SQL_AUTO_IS_NULL; args=None
2019-03-04 22:45:10  django.db.backends  DEBUG  [90]   (0.010) SELECT `auth_user`.`username`, `auth_user`.`email` FROM `auth_user` LIMIT 10; args=()
2019-03-04 22:45:10  django.db.backends  DEBUG  [90]   (0.011) SELECT @@SQL_AUTO_IS_NULL; args=None
2019-03-04 22:45:10  django.db.backends  DEBUG  [90]   (0.009) SELECT `auth_user`.`username`, `auth_user`.`email` FROM `auth_user` LIMIT 10; args=()
2019-03-04 22:45:10  django.db.backends  DEBUG  [90]   (0.008) SELECT @@SQL_AUTO_IS_NULL; args=None
2019-03-04 22:45:10  django.db.backends  DEBUG  [90]   (0.010) SELECT `auth_user`.`username`, `auth_user`.`email` FROM `auth_user` LIMIT 10; args=()
2019-03-04 22:45:11  django.db.backends  DEBUG  [90]   (0.010) SELECT @@SQL_AUTO_IS_NULL; args=None
2019-03-04 22:45:11  django.db.backends  DEBUG  [90]   (0.010) SELECT `auth_user`.`username`, `auth_user`.`email` FROM `auth_user` LIMIT 10; args=()
2019-03-04 22:45:11  django.db.backends  DEBUG  [90]   (0.010) SELECT @@SQL_AUTO_IS_NULL; args=None
2019-03-04 22:45:11  django.db.backends  DEBUG  [90]   (0.009) SELECT `auth_user`.`username`, `auth_user`.`email` FROM `auth_user` LIMIT 10; args=()
2019-03-04 22:45:11  django.db.backends  DEBUG  [90]   (0.013) SELECT @@SQL_AUTO_IS_NULL; args=None
2019-03-04 22:45:11  django.db.backends  DEBUG  [90]   (0.008) SELECT `auth_user`.`username`, `auth_user`.`email` FROM `auth_user` LIMIT 10; args=()
2019-03-04 22:45:11  django.db.backends  DEBUG  [90]   (0.009) SELECT @@SQL_AUTO_IS_NULL; args=None
2019-03-04 22:45:11  django.db.backends  DEBUG  [90]   (0.009) SELECT `auth_user`.`username`, `auth_user`.`email` FROM `auth_user` LIMIT 10; args=()
2019-03-04 22:45:11  django.db.backends  DEBUG  [90]   (0.009) SELECT @@SQL_AUTO_IS_NULL; args=None
2019-03-04 22:45:12  django.db.backends  DEBUG  [90]   (0.011) SELECT `auth_user`.`username`, `auth_user`.`email` FROM `auth_user` LIMIT 10; args=()
2019-03-04 22:45:12  django.db.backends  DEBUG  [90]   (0.011) SELECT @@SQL_AUTO_IS_NULL; args=None
2019-03-04 22:45:12  django.db.backends  DEBUG  [90]   (0.010) SELECT `auth_user`.`username`, `auth_user`.`email` FROM `auth_user` LIMIT 10; args=()
2019-03-04 22:45:12  django.db.backends  DEBUG  [90]   (0.009) SELECT @@SQL_AUTO_IS_NULL; args=None
2019-03-04 22:45:12  django.db.backends  DEBUG  [90]   (0.009) SELECT `auth_user`.`username`, `auth_user`.`email` FROM `auth_user` LIMIT 10; args=()
2019-03-04 22:45:12  django.db.backends  DEBUG  [90]   (0.008) SELECT @@SQL_AUTO_IS_NULL; args=None
2019-03-04 22:45:12  django.db.backends  DEBUG  [90]   (0.009) SELECT `auth_user`.`username`, `auth_user`.`email` FROM `auth_user` LIMIT 10; args=()
2019-03-04 22:45:12  django.db.backends  DEBUG  [90]   (0.009) SELECT @@SQL_AUTO_IS_NULL; args=None
2019-03-04 22:45:12  django.db.backends  DEBUG  [90]   (0.012) SELECT `auth_user`.`username`, `auth_user`.`email` FROM `auth_user` LIMIT 10; args=()
2019-03-04 22:45:12  django.db.backends  DEBUG  [90]   (0.008) SELECT @@SQL_AUTO_IS_NULL; args=None
2019-03-04 22:45:12  django.db.backends  DEBUG  [90]   (0.010) SELECT `auth_user`.`username`, `auth_user`.`email` FROM `auth_user` LIMIT 10; args=()
2019-03-04 22:45:13  django.db.backends  DEBUG  [90]   (0.011) SELECT @@SQL_AUTO_IS_NULL; args=None
2019-03-04 22:45:13  django.db.backends  DEBUG  [90]   (0.011) SELECT `auth_user`.`username`, `auth_user`.`email` FROM `auth_user` LIMIT 10; args=()
2019-03-04 22:45:13  django.db.backends  DEBUG  [90]   (0.009) SELECT @@SQL_AUTO_IS_NULL; args=None
2019-03-04 22:45:13  django.db.backends  DEBUG  [90]   (0.011) SELECT `auth_user`.`username`, `auth_user`.`email` FROM `auth_user` LIMIT 10; args=()
2019-03-04 22:45:13  django.db.backends  DEBUG  [90]   (0.009) SELECT @@SQL_AUTO_IS_NULL; args=None
2019-03-04 22:45:13  django.db.backends  DEBUG  [90]   (0.010) SELECT `auth_user`.`username`, `auth_user`.`email` FROM `auth_user` LIMIT 10; args=()
2019-03-04 22:45:13  django.db.backends  DEBUG  [90]   (0.011) SELECT @@SQL_AUTO_IS_NULL; args=None
2019-03-04 22:45:13  django.db.backends  DEBUG  [90]   (0.011) SELECT `auth_user`.`username`, `auth_user`.`email` FROM `auth_user` LIMIT 10; args=()
2019-03-04 22:45:14  django.db.backends  DEBUG  [90]   (0.009) SELECT @@SQL_AUTO_IS_NULL; args=None
2019-03-04 22:45:14  django.db.backends  DEBUG  [90]   (0.009) SELECT `auth_user`.`username`, `auth_user`.`email` FROM `auth_user` LIMIT 10; args=()
2019-03-04 22:45:14  django.db.backends  DEBUG  [90]   (0.008) SELECT @@SQL_AUTO_IS_NULL; args=None
2019-03-04 22:45:14  django.db.backends  DEBUG  [90]   (0.010) SELECT `auth_user`.`username`, `auth_user`.`email` FROM `auth_user` LIMIT 10; args=()
2019-03-04 22:45:14  django.db.backends  DEBUG  [90]   (0.009) SELECT @@SQL_AUTO_IS_NULL; args=None
2019-03-04 22:45:14  django.db.backends  DEBUG  [90]   (0.010) SELECT `auth_user`.`username`, `auth_user`.`email` FROM `auth_user` LIMIT 10; args=()
2019-03-04 22:45:14  django.db.backends  DEBUG  [90]   (0.009) SELECT @@SQL_AUTO_IS_NULL; args=None
2019-03-04 22:45:14  django.db.backends  DEBUG  [90]   (0.008) SELECT `auth_user`.`username`, `auth_user`.`email` FROM `auth_user` LIMIT 10; args=()
2019-03-04 22:45:14  django.db.backends  DEBUG  [90]   (0.007) SELECT @@SQL_AUTO_IS_NULL; args=None
2019-03-04 22:45:14  django.db.backends  DEBUG  [90]   (0.008) SELECT `auth_user`.`username`, `auth_user`.`email` FROM `auth_user` LIMIT 10; args=()
2019-03-04 22:45:15  django.db.backends  DEBUG  [90]   (0.008) SELECT @@SQL_AUTO_IS_NULL; args=None
2019-03-04 22:45:15  django.db.backends  DEBUG  [90]   (0.008) SELECT `auth_user`.`username`, `auth_user`.`email` FROM `auth_user` LIMIT 10; args=()
2019-03-04 22:45:15  django.db.backends  DEBUG  [90]   (0.009) SELECT @@SQL_AUTO_IS_NULL; args=None
2019-03-04 22:45:15  django.db.backends  DEBUG  [90]   (0.009) SELECT `auth_user`.`username`, `auth_user`.`email` FROM `auth_user` LIMIT 10; args=()
2019-03-04 22:45:15  django.db.backends  DEBUG  [90]   (0.009) SELECT @@SQL_AUTO_IS_NULL; args=None
2019-03-04 22:45:15  django.db.backends  DEBUG  [90]   (0.010) SELECT `auth_user`.`username`, `auth_user`.`email` FROM `auth_user` LIMIT 10; args=()
2019-03-04 22:45:15  django.db.backends  DEBUG  [90]   (0.008) SELECT @@SQL_AUTO_IS_NULL; args=None
2019-03-04 22:45:15  django.db.backends  DEBUG  [90]   (0.010) SELECT `auth_user`.`username`, `auth_user`.`email` FROM `auth_user` LIMIT 10; args=()
2019-03-04 22:45:16  django.db.backends  DEBUG  [90]   (0.012) SELECT @@SQL_AUTO_IS_NULL; args=None
2019-03-04 22:45:16  django.db.backends  DEBUG  [90]   (0.012) SELECT `auth_user`.`username`, `auth_user`.`email` FROM `auth_user` LIMIT 10; args=()
2019-03-04 22:45:17  django.db.backends  DEBUG  [90]   (0.010) SELECT @@SQL_AUTO_IS_NULL; args=None
2019-03-04 22:45:18  django.db.backends  DEBUG  [90]   (0.010) SELECT `auth_user`.`username`, `auth_user`.`email` FROM `auth_user` LIMIT 10; args=()
2019-03-04 22:45:18  django.db.backends  DEBUG  [90]   (0.008) SELECT @@SQL_AUTO_IS_NULL; args=None
2019-03-04 22:45:18  django.db.backends  DEBUG  [90]   (0.010) SELECT `auth_user`.`username`, `auth_user`.`email` FROM `auth_user` LIMIT 10; args=()
2019-03-04 22:45:18  django.db.backends  DEBUG  [90]   (0.012) SELECT @@SQL_AUTO_IS_NULL; args=None
2019-03-04 22:45:18  django.db.backends  DEBUG  [90]   (0.010) SELECT `auth_user`.`username`, `auth_user`.`email` FROM `auth_user` LIMIT 10; args=()
2019-03-04 22:45:18  django.db.backends  DEBUG  [90]   (0.012) SELECT @@SQL_AUTO_IS_NULL; args=None
2019-03-04 22:45:18  django.db.backends  DEBUG  [90]   (0.010) SELECT `auth_user`.`username`, `auth_user`.`email` FROM `auth_user` LIMIT 10; args=()
2019-03-04 22:45:19  django.db.backends  DEBUG  [90]   (0.009) SELECT @@SQL_AUTO_IS_NULL; args=None
2019-03-04 22:45:19  django.db.backends  DEBUG  [90]   (0.010) SELECT `auth_user`.`username`, `auth_user`.`email` FROM `auth_user` LIMIT 10; args=()
2019-03-04 22:45:19  django.db.backends  DEBUG  [90]   (0.007) SELECT @@SQL_AUTO_IS_NULL; args=None
2019-03-04 22:45:19  django.db.backends  DEBUG  [90]   (0.010) SELECT `auth_user`.`username`, `auth_user`.`email` FROM `auth_user` LIMIT 10; args=()
2019-03-04 22:45:26  django.db.backends  DEBUG  [90]   (0.008) SELECT @@SQL_AUTO_IS_NULL; args=None
2019-03-04 22:45:26  django.db.backends  DEBUG  [90]   (0.008) SELECT `auth_user`.`username`, `auth_user`.`email` FROM `auth_user` LIMIT 10; args=()
2019-03-04 22:45:27  django.db.backends  DEBUG  [90]   (0.007) SELECT @@SQL_AUTO_IS_NULL; args=None
2019-03-04 22:45:27  django.db.backends  DEBUG  [90]   (0.015) SELECT `auth_user`.`username`, `auth_user`.`email` FROM `auth_user` LIMIT 10; args=()
2019-03-04 22:45:28  django.db.backends  DEBUG  [90]   (0.021) SELECT @@SQL_AUTO_IS_NULL; args=None
2019-03-04 22:45:28  django.db.backends  DEBUG  [90]   (0.009) SELECT `auth_user`.`username`, `auth_user`.`email` FROM `auth_user` LIMIT 10; args=()
2019-03-04 22:45:41  django.db.backends  DEBUG  [90]   (0.010) SELECT @@SQL_AUTO_IS_NULL; args=None
2019-03-04 22:45:41  django.db.backends  DEBUG  [90]   (0.010) SELECT `auth_user`.`username`, `auth_user`.`email` FROM `auth_user` LIMIT 10; args=()
2019-03-04 22:45:41  django.db.backends  DEBUG  [90]   (0.007) SELECT @@SQL_AUTO_IS_NULL; args=None
2019-03-04 22:45:41  django.db.backends  DEBUG  [90]   (0.008) SELECT `auth_user`.`username`, `auth_user`.`email` FROM `auth_user` LIMIT 10; args=()
2019-03-05 09:23:23  django.db.backends  DEBUG  [91]   (0.007) SELECT @@SQL_AUTO_IS_NULL; args=None
2019-03-05 09:23:23  django.db.backends  DEBUG  [91]   (0.007) SELECT VERSION(); args=None
2019-03-05 09:23:23  django.db.backends  DEBUG  [91]   (0.006) SHOW FULL TABLES; args=None
2019-03-05 09:23:23  django.db.backends  DEBUG  [91]   (0.006) SELECT `django_migrations`.`app`, `django_migrations`.`name` FROM `django_migrations`; args=()
2019-03-05 11:44:27  django.db.backends  DEBUG  [91]   (0.006) SELECT @@SQL_AUTO_IS_NULL; args=None
2019-03-05 11:44:27  django.db.backends  DEBUG  [91]   (0.005) SELECT VERSION(); args=None
2019-03-05 11:44:27  django.db.backends  DEBUG  [91]   (0.008) SHOW FULL TABLES; args=None
2019-03-05 11:44:27  django.db.backends  DEBUG  [91]   (0.007) SELECT `django_migrations`.`app`, `django_migrations`.`name` FROM `django_migrations`; args=()
2019-03-05 13:18:52  django.db.backends  DEBUG  [91]   (0.008) SELECT @@SQL_AUTO_IS_NULL; args=None
2019-03-05 13:18:52  django.db.backends  DEBUG  [91]   (0.009) SELECT VERSION(); args=None
2019-03-05 13:18:52  django.db.backends  DEBUG  [91]   (0.008) SHOW FULL TABLES; args=None
2019-03-05 13:18:52  django.db.backends  DEBUG  [91]   (0.008) SELECT `django_migrations`.`app`, `django_migrations`.`name` FROM `django_migrations`; args=()
2019-03-05 13:46:59  django.db.backends  DEBUG  [91]   (0.007) SELECT @@SQL_AUTO_IS_NULL; args=None
2019-03-05 13:46:59  django.db.backends  DEBUG  [91]   (0.006) SELECT VERSION(); args=None
2019-03-05 13:46:59  django.db.backends  DEBUG  [91]   (0.007) SHOW FULL TABLES; args=None
2019-03-05 13:46:59  django.db.backends  DEBUG  [91]   (0.008) SELECT `django_migrations`.`app`, `django_migrations`.`name` FROM `django_migrations`; args=()
2019-03-05 13:47:13  django.db.backends  DEBUG  [91]   (0.006) SELECT @@SQL_AUTO_IS_NULL; args=None
2019-03-05 13:47:13  django.db.backends  DEBUG  [91]   (0.006) SELECT @@sql_mode; args=None
2019-03-05 13:47:13  django.db.backends  DEBUG  [91]   (0.007) SELECT VERSION(); args=None
2019-03-05 13:47:13  django.db.backends  DEBUG  [91]   (0.014) SHOW FULL TABLES; args=None
2019-03-05 13:47:13  django.db.backends  DEBUG  [91]   (0.007) SELECT `django_migrations`.`app`, `django_migrations`.`name` FROM `django_migrations`; args=()
2019-03-05 13:47:13  django.db.backends  DEBUG  [91]   (0.007) SHOW FULL TABLES; args=None
2019-03-05 13:47:13  django.db.backends  DEBUG  [91]   (0.007) SELECT `django_migrations`.`app`, `django_migrations`.`name` FROM `django_migrations`; args=()
2019-03-05 13:47:13  django.db.backends.schema  DEBUG  [111]   CREATE TABLE `dashboard_idc` (`id` integer AUTO_INCREMENT NOT NULL PRIMARY KEY, `name` varchar(32) NOT NULL, `address` varchar(256) NOT NULL, `phone` varchar(15) NOT NULL, `email` varchar(254) NOT NULL, `letter` varchar(5) NOT NULL); (params None)
2019-03-05 13:47:13  django.db.backends  DEBUG  [91]   (0.026) CREATE TABLE `dashboard_idc` (`id` integer AUTO_INCREMENT NOT NULL PRIMARY KEY, `name` varchar(32) NOT NULL, `address` varchar(256) NOT NULL, `phone` varchar(15) NOT NULL, `email` varchar(254) NOT NULL, `letter` varchar(5) NOT NULL); args=None
2019-03-05 13:47:13  django.db.backends  DEBUG  [91]   (0.011) SELECT engine FROM information_schema.tables WHERE table_name = 'dashboard_idc'; args=['dashboard_idc']
2019-03-05 13:47:13  django.db.backends  DEBUG  [91]   (0.007) SELECT engine FROM information_schema.tables WHERE table_name = 'dashboard_idc'; args=['dashboard_idc']
2019-03-05 13:47:13  django.db.backends  DEBUG  [91]   (0.008) SELECT engine FROM information_schema.tables WHERE table_name = 'dashboard_idc'; args=['dashboard_idc']
2019-03-05 13:47:13  django.db.backends  DEBUG  [91]   (0.010) SELECT engine FROM information_schema.tables WHERE table_name = 'dashboard_idc'; args=['dashboard_idc']
2019-03-05 13:47:13  django.db.backends  DEBUG  [91]   (0.007) SELECT engine FROM information_schema.tables WHERE table_name = 'dashboard_idc'; args=['dashboard_idc']
2019-03-05 13:47:13  django.db.backends  DEBUG  [91]   (0.007) SELECT engine FROM information_schema.tables WHERE table_name = 'dashboard_idc'; args=['dashboard_idc']
2019-03-05 13:47:13  django.db.backends  DEBUG  [91]   (0.007) SHOW FULL TABLES; args=None
2019-03-05 13:47:13  django.db.backends  DEBUG  [91]   (0.007) INSERT INTO `django_migrations` (`app`, `name`, `applied`) VALUES ('dashboard', '0001_initial', '2019-03-05 05:47:13.445719'); args=['dashboard', '0001_initial', '2019-03-05 05:47:13.445719']
2019-03-05 13:47:13  django.db.backends  DEBUG  [91]   (0.007) SHOW FULL TABLES; args=None
2019-03-05 13:47:13  django.db.backends  DEBUG  [91]   (0.008) SELECT `django_migrations`.`app`, `django_migrations`.`name` FROM `django_migrations`; args=()
2019-03-05 13:47:13  django.db.backends  DEBUG  [91]   (0.007) SELECT `django_content_type`.`id`, `django_content_type`.`app_label`, `django_content_type`.`model` FROM `django_content_type` WHERE (`django_content_type`.`app_label` = 'admin' AND `django_content_type`.`model` = 'logentry'); args=('admin', 'logentry')
2019-03-05 13:47:13  django.db.backends  DEBUG  [91]   (0.008) SELECT `auth_permission`.`content_type_id`, `auth_permission`.`codename` FROM `auth_permission` INNER JOIN `django_content_type` ON (`auth_permission`.`content_type_id` = `django_content_type`.`id`) WHERE `auth_permission`.`content_type_id` IN (1) ORDER BY `django_content_type`.`app_label` ASC, `django_content_type`.`model` ASC, `auth_permission`.`codename` ASC; args=(1,)
2019-03-05 13:47:13  django.db.backends  DEBUG  [91]   (0.007) SELECT `django_content_type`.`id`, `django_content_type`.`app_label`, `django_content_type`.`model` FROM `django_content_type` WHERE `django_content_type`.`app_label` = 'admin'; args=('admin',)
2019-03-05 13:47:13  django.db.backends  DEBUG  [91]   (0.006) SELECT `django_content_type`.`id`, `django_content_type`.`app_label`, `django_content_type`.`model` FROM `django_content_type` WHERE (`django_content_type`.`app_label` = 'auth' AND `django_content_type`.`model` = 'permission'); args=('auth', 'permission')
2019-03-05 13:47:13  django.db.backends  DEBUG  [91]   (0.007) SELECT `django_content_type`.`id`, `django_content_type`.`app_label`, `django_content_type`.`model` FROM `django_content_type` WHERE (`django_content_type`.`app_label` = 'auth' AND `django_content_type`.`model` = 'group'); args=('auth', 'group')
2019-03-05 13:47:13  django.db.backends  DEBUG  [91]   (0.011) SELECT `django_content_type`.`id`, `django_content_type`.`app_label`, `django_content_type`.`model` FROM `django_content_type` WHERE (`django_content_type`.`app_label` = 'auth' AND `django_content_type`.`model` = 'user'); args=('auth', 'user')
2019-03-05 13:47:13  django.db.backends  DEBUG  [91]   (0.011) SELECT `auth_permission`.`content_type_id`, `auth_permission`.`codename` FROM `auth_permission` INNER JOIN `django_content_type` ON (`auth_permission`.`content_type_id` = `django_content_type`.`id`) WHERE `auth_permission`.`content_type_id` IN (2, 3, 4) ORDER BY `django_content_type`.`app_label` ASC, `django_content_type`.`model` ASC, `auth_permission`.`codename` ASC; args=(2, 3, 4)
2019-03-05 13:47:13  django.db.backends  DEBUG  [91]   (0.007) SELECT `django_content_type`.`id`, `django_content_type`.`app_label`, `django_content_type`.`model` FROM `django_content_type` WHERE `django_content_type`.`app_label` = 'auth'; args=('auth',)
2019-03-05 13:47:13  django.db.backends  DEBUG  [91]   (0.008) SELECT `django_content_type`.`id`, `django_content_type`.`app_label`, `django_content_type`.`model` FROM `django_content_type` WHERE (`django_content_type`.`app_label` = 'contenttypes' AND `django_content_type`.`model` = 'contenttype'); args=('contenttypes', 'contenttype')
2019-03-05 13:47:13  django.db.backends  DEBUG  [91]   (0.010) SELECT `auth_permission`.`content_type_id`, `auth_permission`.`codename` FROM `auth_permission` INNER JOIN `django_content_type` ON (`auth_permission`.`content_type_id` = `django_content_type`.`id`) WHERE `auth_permission`.`content_type_id` IN (5) ORDER BY `django_content_type`.`app_label` ASC, `django_content_type`.`model` ASC, `auth_permission`.`codename` ASC; args=(5,)
2019-03-05 13:47:13  django.db.backends  DEBUG  [91]   (0.006) SELECT `django_content_type`.`id`, `django_content_type`.`app_label`, `django_content_type`.`model` FROM `django_content_type` WHERE `django_content_type`.`app_label` = 'contenttypes'; args=('contenttypes',)
2019-03-05 13:47:13  django.db.backends  DEBUG  [91]   (0.007) SELECT `django_content_type`.`id`, `django_content_type`.`app_label`, `django_content_type`.`model` FROM `django_content_type` WHERE (`django_content_type`.`app_label` = 'sessions' AND `django_content_type`.`model` = 'session'); args=('sessions', 'session')
2019-03-05 13:47:13  django.db.backends  DEBUG  [91]   (0.010) SELECT `auth_permission`.`content_type_id`, `auth_permission`.`codename` FROM `auth_permission` INNER JOIN `django_content_type` ON (`auth_permission`.`content_type_id` = `django_content_type`.`id`) WHERE `auth_permission`.`content_type_id` IN (6) ORDER BY `django_content_type`.`app_label` ASC, `django_content_type`.`model` ASC, `auth_permission`.`codename` ASC; args=(6,)
2019-03-05 13:47:13  django.db.backends  DEBUG  [91]   (0.007) SELECT `django_content_type`.`id`, `django_content_type`.`app_label`, `django_content_type`.`model` FROM `django_content_type` WHERE `django_content_type`.`app_label` = 'sessions'; args=('sessions',)
2019-03-05 13:47:13  django.db.backends  DEBUG  [91]   (0.008) SELECT `django_content_type`.`id`, `django_content_type`.`app_label`, `django_content_type`.`model` FROM `django_content_type` WHERE (`django_content_type`.`app_label` = 'dashboard' AND `django_content_type`.`model` = 'idc'); args=('dashboard', 'idc')
2019-03-05 13:47:13  django.db.backends  DEBUG  [91]   (0.008) SELECT `django_content_type`.`id`, `django_content_type`.`app_label`, `django_content_type`.`model` FROM `django_content_type` WHERE (`django_content_type`.`app_label` = 'dashboard' AND `django_content_type`.`model` = 'idc'); args=('dashboard', 'idc')
2019-03-05 13:47:13  django.db.backends  DEBUG  [91]   (0.007) INSERT INTO `django_content_type` (`app_label`, `model`) VALUES ('dashboard', 'idc'); args=['dashboard', 'idc']
2019-03-05 13:47:13  django.db.backends  DEBUG  [91]   (0.008) SELECT `auth_permission`.`content_type_id`, `auth_permission`.`codename` FROM `auth_permission` INNER JOIN `django_content_type` ON (`auth_permission`.`content_type_id` = `django_content_type`.`id`) WHERE `auth_permission`.`content_type_id` IN (7) ORDER BY `django_content_type`.`app_label` ASC, `django_content_type`.`model` ASC, `auth_permission`.`codename` ASC; args=(7,)
2019-03-05 13:47:13  django.db.backends  DEBUG  [91]   (0.007) INSERT INTO `auth_permission` (`name`, `content_type_id`, `codename`) VALUES ('Can add idc', 7, 'add_idc'), ('Can change idc', 7, 'change_idc'), ('Can delete idc', 7, 'delete_idc'); args=('Can add idc', 7, 'add_idc', 'Can change idc', 7, 'change_idc', 'Can delete idc', 7, 'delete_idc')
2019-03-05 13:47:13  django.db.backends  DEBUG  [91]   (0.008) SELECT `django_content_type`.`id`, `django_content_type`.`app_label`, `django_content_type`.`model` FROM `django_content_type` WHERE `django_content_type`.`app_label` = 'dashboard'; args=('dashboard',)
2019-03-05 13:51:32  django.db.backends  DEBUG  [91]   (0.007) SELECT @@SQL_AUTO_IS_NULL; args=None
2019-03-05 13:51:32  django.db.backends  DEBUG  [91]   (0.007) SELECT VERSION(); args=None
2019-03-05 13:51:32  django.db.backends  DEBUG  [91]   (0.009) SHOW FULL TABLES; args=None
2019-03-05 13:51:32  django.db.backends  DEBUG  [91]   (0.009) SELECT `django_migrations`.`app`, `django_migrations`.`name` FROM `django_migrations`; args=()
2019-03-05 14:08:32  django.db.backends  DEBUG  [91]   (0.006) SELECT @@SQL_AUTO_IS_NULL; args=None
2019-03-05 14:08:32  django.db.backends  DEBUG  [91]   (0.006) SELECT VERSION(); args=None
2019-03-05 14:08:32  django.db.backends  DEBUG  [91]   (0.008) SHOW FULL TABLES; args=None
2019-03-05 14:08:32  django.db.backends  DEBUG  [91]   (0.008) SELECT `django_migrations`.`app`, `django_migrations`.`name` FROM `django_migrations`; args=()
2019-03-05 14:09:59  django.db.backends  DEBUG  [91]   (0.007) SELECT @@SQL_AUTO_IS_NULL; args=None
2019-03-05 14:09:59  django.db.backends  DEBUG  [91]   (0.009) SELECT @@sql_mode; args=None
2019-03-05 14:09:59  django.db.backends  DEBUG  [91]   (0.009) SELECT VERSION(); args=None
2019-03-05 14:09:59  django.db.backends  DEBUG  [91]   (0.009) SHOW FULL TABLES; args=None
2019-03-05 14:09:59  django.db.backends  DEBUG  [91]   (0.010) SELECT `django_migrations`.`app`, `django_migrations`.`name` FROM `django_migrations`; args=()
2019-03-05 14:09:59  django.db.backends  DEBUG  [91]   (0.008) SHOW FULL TABLES; args=None
2019-03-05 14:09:59  django.db.backends  DEBUG  [91]   (0.007) SELECT `django_migrations`.`app`, `django_migrations`.`name` FROM `django_migrations`; args=()
2019-03-05 14:09:59  django.db.backends  DEBUG  [91]   (0.008) SHOW FULL TABLES; args=None
2019-03-05 14:09:59  django.db.backends  DEBUG  [91]   (0.006) INSERT INTO `django_migrations` (`app`, `name`, `applied`) VALUES ('contenttypes', '0001_initial', '2019-03-05 06:09:59.464363'); args=['contenttypes', '0001_initial', '2019-03-05 06:09:59.464363']
2019-03-05 14:09:59  django.db.backends  DEBUG  [91]   (0.008) SHOW FULL TABLES; args=None
2019-03-05 14:09:59  django.db.backends  DEBUG  [91]   (0.007) INSERT INTO `django_migrations` (`app`, `name`, `applied`) VALUES ('auth', '0001_initial', '2019-03-05 06:09:59.505894'); args=['auth', '0001_initial', '2019-03-05 06:09:59.505894']
2019-03-05 14:09:59  django.db.backends  DEBUG  [91]   (0.008) SHOW FULL TABLES; args=None
2019-03-05 14:09:59  django.db.backends  DEBUG  [91]   (0.007) INSERT INTO `django_migrations` (`app`, `name`, `applied`) VALUES ('admin', '0001_initial', '2019-03-05 06:09:59.546922'); args=['admin', '0001_initial', '2019-03-05 06:09:59.546922']
2019-03-05 14:09:59  django.db.backends  DEBUG  [91]   (0.008) SHOW FULL TABLES; args=None
2019-03-05 14:09:59  django.db.backends  DEBUG  [91]   (0.008) INSERT INTO `django_migrations` (`app`, `name`, `applied`) VALUES ('admin', '0002_logentry_remove_auto_add', '2019-03-05 06:09:59.587451'); args=['admin', '0002_logentry_remove_auto_add', '2019-03-05 06:09:59.587451']
2019-03-05 14:09:59  django.db.backends  DEBUG  [91]   (0.008) SHOW FULL TABLES; args=None
2019-03-05 14:09:59  django.db.backends  DEBUG  [91]   (0.007) INSERT INTO `django_migrations` (`app`, `name`, `applied`) VALUES ('contenttypes', '0002_remove_content_type_name', '2019-03-05 06:09:59.631982'); args=['contenttypes', '0002_remove_content_type_name', '2019-03-05 06:09:59.631982']
2019-03-05 14:09:59  django.db.backends  DEBUG  [91]   (0.008) SHOW FULL TABLES; args=None
2019-03-05 14:09:59  django.db.backends  DEBUG  [91]   (0.008) INSERT INTO `django_migrations` (`app`, `name`, `applied`) VALUES ('auth', '0002_alter_permission_name_max_length', '2019-03-05 06:09:59.675015'); args=['auth', '0002_alter_permission_name_max_length', '2019-03-05 06:09:59.675015']
2019-03-05 14:09:59  django.db.backends  DEBUG  [91]   (0.007) SHOW FULL TABLES; args=None
2019-03-05 14:09:59  django.db.backends  DEBUG  [91]   (0.007) INSERT INTO `django_migrations` (`app`, `name`, `applied`) VALUES ('auth', '0003_alter_user_email_max_length', '2019-03-05 06:09:59.718079'); args=['auth', '0003_alter_user_email_max_length', '2019-03-05 06:09:59.718079']
2019-03-05 14:09:59  django.db.backends  DEBUG  [91]   (0.009) SHOW FULL TABLES; args=None
2019-03-05 14:09:59  django.db.backends  DEBUG  [91]   (0.011) INSERT INTO `django_migrations` (`app`, `name`, `applied`) VALUES ('auth', '0004_alter_user_username_opts', '2019-03-05 06:09:59.758607'); args=['auth', '0004_alter_user_username_opts', '2019-03-05 06:09:59.758607']
2019-03-05 14:09:59  django.db.backends  DEBUG  [91]   (0.008) SHOW FULL TABLES; args=None
2019-03-05 14:09:59  django.db.backends  DEBUG  [91]   (0.007) INSERT INTO `django_migrations` (`app`, `name`, `applied`) VALUES ('auth', '0005_alter_user_last_login_null', '2019-03-05 06:09:59.800138'); args=['auth', '0005_alter_user_last_login_null', '2019-03-05 06:09:59.800138']
2019-03-05 14:09:59  django.db.backends  DEBUG  [91]   (0.008) SHOW FULL TABLES; args=None
2019-03-05 14:09:59  django.db.backends  DEBUG  [91]   (0.007) INSERT INTO `django_migrations` (`app`, `name`, `applied`) VALUES ('auth', '0006_require_contenttypes_0002', '2019-03-05 06:09:59.838666'); args=['auth', '0006_require_contenttypes_0002', '2019-03-05 06:09:59.838666']
2019-03-05 14:09:59  django.db.backends  DEBUG  [91]   (0.008) SHOW FULL TABLES; args=None
2019-03-05 14:09:59  django.db.backends  DEBUG  [91]   (0.013) INSERT INTO `django_migrations` (`app`, `name`, `applied`) VALUES ('auth', '0007_alter_validators_add_error_messages', '2019-03-05 06:09:59.879696'); args=['auth', '0007_alter_validators_add_error_messages', '2019-03-05 06:09:59.879696']
2019-03-05 14:09:59  django.db.backends  DEBUG  [91]   (0.008) SHOW FULL TABLES; args=None
2019-03-05 14:09:59  django.db.backends  DEBUG  [91]   (0.007) INSERT INTO `django_migrations` (`app`, `name`, `applied`) VALUES ('auth', '0008_alter_user_username_max_length', '2019-03-05 06:09:59.936284'); args=['auth', '0008_alter_user_username_max_length', '2019-03-05 06:09:59.936284']
2019-03-05 14:09:59  django.db.backends  DEBUG  [91]   (0.012) SHOW FULL TABLES; args=None
2019-03-05 14:10:00  django.db.backends  DEBUG  [91]   (0.007) INSERT INTO `django_migrations` (`app`, `name`, `applied`) VALUES ('dashboard', '0001_initial', '2019-03-05 06:09:59.982808'); args=['dashboard', '0001_initial', '2019-03-05 06:09:59.982808']
2019-03-05 14:10:00  django.db.backends  DEBUG  [91]   (0.008) SHOW FULL TABLES; args=None
2019-03-05 14:10:00  django.db.backends  DEBUG  [91]   (0.007) INSERT INTO `django_migrations` (`app`, `name`, `applied`) VALUES ('sessions', '0001_initial', '2019-03-05 06:10:00.057359'); args=['sessions', '0001_initial', '2019-03-05 06:10:00.057359']
2019-03-05 14:10:00  django.db.backends  DEBUG  [91]   (0.008) SHOW FULL TABLES; args=None
2019-03-05 14:10:00  django.db.backends  DEBUG  [91]   (0.008) SELECT `django_migrations`.`app`, `django_migrations`.`name` FROM `django_migrations`; args=()
2019-03-05 14:56:12  django.db.backends  DEBUG  [91]   (0.009) SELECT @@SQL_AUTO_IS_NULL; args=None
2019-03-05 14:56:12  django.db.backends  DEBUG  [91]   (0.009) SELECT VERSION(); args=None
2019-03-05 14:56:12  django.db.backends  DEBUG  [91]   (0.008) SHOW FULL TABLES; args=None
2019-03-05 14:56:12  django.db.backends  DEBUG  [91]   (0.009) SELECT `django_migrations`.`app`, `django_migrations`.`name` FROM `django_migrations`; args=()
2019-03-05 21:02:00  django.db.backends  DEBUG  [90]   (0.008) SELECT @@SQL_AUTO_IS_NULL; args=None
2019-03-05 21:02:00  django.db.backends  DEBUG  [90]   (0.034) SELECT VERSION(); args=None
2019-03-05 21:02:00  django.db.backends  DEBUG  [90]   (0.035) SELECT @@SQL_AUTO_IS_NULL; args=None
2019-03-05 21:02:00  django.db.backends  DEBUG  [90]   (0.009) SELECT VERSION(); args=None
2019-03-05 21:02:00  django.db.backends  DEBUG  [90]   (0.010) SHOW FULL TABLES; args=None
2019-03-05 21:02:00  django.db.backends  DEBUG  [90]   (0.011) SHOW FULL TABLES; args=None
2019-03-05 21:02:00  django.db.backends  DEBUG  [90]   (0.007) SELECT `django_migrations`.`app`, `django_migrations`.`name` FROM `django_migrations`; args=()
2019-03-05 21:02:00  django.db.backends  DEBUG  [90]   (0.008) SELECT `django_migrations`.`app`, `django_migrations`.`name` FROM `django_migrations`; args=()
2019-03-05 21:02:11  django.db.backends  DEBUG  [90]   (0.008) SELECT @@SQL_AUTO_IS_NULL; args=None
2019-03-05 21:02:11  django.db.backends  DEBUG  [90]   (0.008) SELECT VERSION(); args=None
2019-03-05 21:02:12  django.db.backends  DEBUG  [90]   (0.011) SHOW FULL TABLES; args=None
2019-03-05 21:02:12  django.db.backends  DEBUG  [90]   (0.010) SELECT `django_migrations`.`app`, `django_migrations`.`name` FROM `django_migrations`; args=()
2019-03-05 21:02:34  django.db.backends  DEBUG  [90]   (0.023) SELECT @@SQL_AUTO_IS_NULL; args=None
2019-03-05 21:02:34  django.db.backends  DEBUG  [90]   (0.011) SELECT `auth_user`.`username`, `auth_user`.`email` FROM `auth_user` LIMIT 10; args=()
2019-03-05 21:15:39  django.db.backends  DEBUG  [90]   (0.007) SELECT @@SQL_AUTO_IS_NULL; args=None
2019-03-05 21:15:39  django.db.backends  DEBUG  [90]   (0.007) SELECT VERSION(); args=None
2019-03-05 21:15:39  django.db.backends  DEBUG  [90]   (0.011) SHOW FULL TABLES; args=None
2019-03-05 21:15:39  django.db.backends  DEBUG  [90]   (0.022) SELECT `django_migrations`.`app`, `django_migrations`.`name` FROM `django_migrations`; args=()
2019-03-05 21:15:39  django.db.backends  DEBUG  [90]   (0.008) SELECT @@SQL_AUTO_IS_NULL; args=None
2019-03-05 21:15:39  django.db.backends  DEBUG  [90]   (0.008) SELECT VERSION(); args=None
2019-03-05 21:15:39  django.db.backends  DEBUG  [90]   (0.009) SHOW FULL TABLES; args=None
2019-03-05 21:15:39  django.db.backends  DEBUG  [90]   (0.013) SELECT `django_migrations`.`app`, `django_migrations`.`name` FROM `django_migrations`; args=()
2019-03-05 21:16:55  django.db.backends  DEBUG  [90]   (0.008) SELECT @@SQL_AUTO_IS_NULL; args=None
2019-03-05 21:16:55  django.db.backends  DEBUG  [90]   (0.008) SELECT VERSION(); args=None
2019-03-05 21:16:55  django.db.backends  DEBUG  [90]   (0.009) SHOW FULL TABLES; args=None
2019-03-05 21:16:55  django.db.backends  DEBUG  [90]   (0.008) SELECT `django_migrations`.`app`, `django_migrations`.`name` FROM `django_migrations`; args=()
2019-03-05 21:16:56  django.db.backends  DEBUG  [90]   (0.007) SELECT @@SQL_AUTO_IS_NULL; args=None
2019-03-05 21:16:56  django.db.backends  DEBUG  [90]   (0.007) SELECT VERSION(); args=None
2019-03-05 21:16:56  django.db.backends  DEBUG  [90]   (0.008) SHOW FULL TABLES; args=None
2019-03-05 21:16:56  django.db.backends  DEBUG  [90]   (0.008) SELECT `django_migrations`.`app`, `django_migrations`.`name` FROM `django_migrations`; args=()
2019-03-05 21:20:59  django.db.backends  DEBUG  [90]   (0.007) SELECT @@SQL_AUTO_IS_NULL; args=None
2019-03-05 21:20:59  django.db.backends  DEBUG  [90]   (0.007) SELECT VERSION(); args=None
2019-03-05 21:21:00  django.db.backends  DEBUG  [90]   (0.009) SHOW FULL TABLES; args=None
2019-03-05 21:21:00  django.db.backends  DEBUG  [90]   (0.009) SELECT `django_migrations`.`app`, `django_migrations`.`name` FROM `django_migrations`; args=()
2019-03-05 21:21:00  django.db.backends  DEBUG  [90]   (0.008) SELECT @@SQL_AUTO_IS_NULL; args=None
2019-03-05 21:21:00  django.db.backends  DEBUG  [90]   (0.008) SELECT VERSION(); args=None
2019-03-05 21:21:00  django.db.backends  DEBUG  [90]   (0.009) SHOW FULL TABLES; args=None
2019-03-05 21:21:00  django.db.backends  DEBUG  [90]   (0.012) SELECT `django_migrations`.`app`, `django_migrations`.`name` FROM `django_migrations`; args=()
2019-03-05 21:29:12  django.db.backends  DEBUG  [90]   (0.008) SELECT @@SQL_AUTO_IS_NULL; args=None
2019-03-05 21:29:12  django.db.backends  DEBUG  [90]   (0.010) SELECT @@SQL_AUTO_IS_NULL; args=None
2019-03-05 21:29:12  django.db.backends  DEBUG  [90]   (0.010) SELECT VERSION(); args=None
2019-03-05 21:29:12  django.db.backends  DEBUG  [90]   (0.008) SELECT VERSION(); args=None
2019-03-05 21:29:12  django.db.backends  DEBUG  [90]   (0.019) SHOW FULL TABLES; args=None
2019-03-05 21:29:12  django.db.backends  DEBUG  [90]   (0.013) SHOW FULL TABLES; args=None
2019-03-05 21:29:12  django.db.backends  DEBUG  [90]   (0.008) SELECT `django_migrations`.`app`, `django_migrations`.`name` FROM `django_migrations`; args=()
2019-03-05 21:29:12  django.db.backends  DEBUG  [90]   (0.009) SELECT `django_migrations`.`app`, `django_migrations`.`name` FROM `django_migrations`; args=()
2019-03-05 21:29:27  django.db.backends  DEBUG  [90]   (0.011) SELECT @@SQL_AUTO_IS_NULL; args=None
2019-03-05 21:29:27  django.db.backends  DEBUG  [90]   (0.010) SELECT `auth_user`.`id`, `auth_user`.`username`, `auth_user`.`email`, `auth_user`.`is_active` FROM `auth_user` LIMIT 10; args=()
2019-03-05 21:32:09  django.db.backends  DEBUG  [90]   (0.007) SELECT @@SQL_AUTO_IS_NULL; args=None
2019-03-05 21:32:09  django.db.backends  DEBUG  [90]   (0.009) SELECT @@SQL_AUTO_IS_NULL; args=None
2019-03-05 21:32:09  django.db.backends  DEBUG  [90]   (0.009) SELECT VERSION(); args=None
2019-03-05 21:32:09  django.db.backends  DEBUG  [90]   (0.008) SELECT VERSION(); args=None
2019-03-05 21:32:09  django.db.backends  DEBUG  [90]   (0.008) SHOW FULL TABLES; args=None
2019-03-05 21:32:09  django.db.backends  DEBUG  [90]   (0.010) SHOW FULL TABLES; args=None
2019-03-05 21:32:09  django.db.backends  DEBUG  [90]   (0.008) SELECT `django_migrations`.`app`, `django_migrations`.`name` FROM `django_migrations`; args=()
2019-03-05 21:32:09  django.db.backends  DEBUG  [90]   (0.009) SELECT `django_migrations`.`app`, `django_migrations`.`name` FROM `django_migrations`; args=()
2019-03-05 21:32:10  django.db.backends  DEBUG  [90]   (0.008) SELECT @@SQL_AUTO_IS_NULL; args=None
2019-03-05 21:32:10  django.db.backends  DEBUG  [90]   (0.009) SELECT `auth_user`.`id`, `auth_user`.`username`, `auth_user`.`email`, `auth_user`.`is_active` FROM `auth_user` LIMIT 10; args=()
2019-03-05 21:32:10  django.db.backends  DEBUG  [90]   (0.010) SELECT `auth_user`.`id`, `auth_user`.`username`, `auth_user`.`email`, `auth_user`.`is_active` FROM `auth_user` LIMIT 10; args=()
2019-03-05 21:32:10  django.db.backends  DEBUG  [90]   (0.012) SELECT `auth_user`.`id`, `auth_user`.`username`, `auth_user`.`email`, `auth_user`.`is_active` FROM `auth_user` LIMIT 10; args=()
2019-03-05 21:32:10  django.db.backends  DEBUG  [90]   (0.012) SELECT VERSION(); args=None
2019-03-05 21:32:10  django.db.backends  DEBUG  [90]   (0.010) SELECT `django_session`.`session_key`, `django_session`.`session_data`, `django_session`.`expire_date` FROM `django_session` WHERE (`django_session`.`session_key` = 'zab5hvavkkocczcnsab10ap9w0ern1pe' AND `django_session`.`expire_date` > '2019-03-05 13:32:10.688847'); args=('zab5hvavkkocczcnsab10ap9w0ern1pe', '2019-03-05 13:32:10.688847')
2019-03-05 21:32:10  django.db.backends  DEBUG  [90]   (0.013) SELECT `auth_user`.`id`, `auth_user`.`password`, `auth_user`.`last_login`, `auth_user`.`is_superuser`, `auth_user`.`username`, `auth_user`.`first_name`, `auth_user`.`last_name`, `auth_user`.`email`, `auth_user`.`is_staff`, `auth_user`.`is_active`, `auth_user`.`date_joined` FROM `auth_user` WHERE `auth_user`.`id` = 2; args=(2,)
2019-03-05 21:32:35  django.db.backends  DEBUG  [90]   (0.007) SELECT @@SQL_AUTO_IS_NULL; args=None
2019-03-05 21:32:35  django.db.backends  DEBUG  [90]   (0.007) SELECT VERSION(); args=None
2019-03-05 21:32:35  django.db.backends  DEBUG  [90]   (0.008) SELECT @@SQL_AUTO_IS_NULL; args=None
2019-03-05 21:32:35  django.db.backends  DEBUG  [90]   (0.008) SELECT VERSION(); args=None
2019-03-05 21:32:35  django.db.backends  DEBUG  [90]   (0.010) SHOW FULL TABLES; args=None
2019-03-05 21:32:35  django.db.backends  DEBUG  [90]   (0.009) SHOW FULL TABLES; args=None
2019-03-05 21:32:35  django.db.backends  DEBUG  [90]   (0.009) SELECT `django_migrations`.`app`, `django_migrations`.`name` FROM `django_migrations`; args=()
2019-03-05 21:32:35  django.db.backends  DEBUG  [90]   (0.010) SELECT `django_migrations`.`app`, `django_migrations`.`name` FROM `django_migrations`; args=()
2019-03-05 21:32:35  django.db.backends  DEBUG  [90]   (0.009) SELECT @@SQL_AUTO_IS_NULL; args=None
2019-03-05 21:32:35  django.db.backends  DEBUG  [90]   (0.026) SELECT `auth_user`.`id`, `auth_user`.`username`, `auth_user`.`email`, `auth_user`.`is_active` FROM `auth_user` LIMIT 10; args=()
2019-03-05 21:32:35  django.db.backends  DEBUG  [90]   (0.014) SELECT `auth_user`.`id`, `auth_user`.`username`, `auth_user`.`email`, `auth_user`.`is_active` FROM `auth_user` LIMIT 10; args=()
2019-03-05 21:35:26  django.db.backends  DEBUG  [90]   (0.015) SELECT @@SQL_AUTO_IS_NULL; args=None
2019-03-05 21:35:26  django.db.backends  DEBUG  [90]   (0.015) SELECT VERSION(); args=None
2019-03-05 21:35:26  django.db.backends  DEBUG  [90]   (0.009) SELECT @@SQL_AUTO_IS_NULL; args=None
2019-03-05 21:35:26  django.db.backends  DEBUG  [90]   (0.009) SELECT VERSION(); args=None
2019-03-05 21:35:26  django.db.backends  DEBUG  [90]   (0.011) SHOW FULL TABLES; args=None
2019-03-05 21:35:26  django.db.backends  DEBUG  [90]   (0.010) SELECT `django_migrations`.`app`, `django_migrations`.`name` FROM `django_migrations`; args=()
2019-03-05 21:35:26  django.db.backends  DEBUG  [90]   (0.012) SHOW FULL TABLES; args=None
2019-03-05 21:35:26  django.db.backends  DEBUG  [90]   (0.010) SELECT `django_migrations`.`app`, `django_migrations`.`name` FROM `django_migrations`; args=()
2019-03-05 21:35:27  django.db.backends  DEBUG  [90]   (0.010) SELECT @@SQL_AUTO_IS_NULL; args=None
2019-03-05 21:35:27  django.db.backends  DEBUG  [90]   (0.008) SELECT COUNT(*) FROM (SELECT `auth_user`.`id` AS Col1, `auth_user`.`username` AS Col2, `auth_user`.`email` AS Col3, `auth_user`.`is_active` AS Col4 FROM `auth_user` LIMIT 10) subquery; args=()
2019-03-05 21:35:27  django.db.backends  DEBUG  [90]   (0.009) SELECT `auth_user`.`id`, `auth_user`.`username`, `auth_user`.`email`, `auth_user`.`is_active` FROM `auth_user` LIMIT 10; args=()
2019-03-05 21:35:27  django.db.backends  DEBUG  [90]   (0.014) SELECT `auth_user`.`id`, `auth_user`.`username`, `auth_user`.`email`, `auth_user`.`is_active` FROM `auth_user` LIMIT 10; args=()
2019-03-05 21:35:43  django.db.backends  DEBUG  [90]   (0.009) SELECT @@SQL_AUTO_IS_NULL; args=None
2019-03-05 21:35:43  django.db.backends  DEBUG  [90]   (0.008) SELECT @@SQL_AUTO_IS_NULL; args=None
2019-03-05 21:35:43  django.db.backends  DEBUG  [90]   (0.008) SELECT VERSION(); args=None
2019-03-05 21:35:43  django.db.backends  DEBUG  [90]   (0.008) SELECT VERSION(); args=None
2019-03-05 21:35:43  django.db.backends  DEBUG  [90]   (0.018) SHOW FULL TABLES; args=None
2019-03-05 21:35:43  django.db.backends  DEBUG  [90]   (0.010) SHOW FULL TABLES; args=None
2019-03-05 21:35:43  django.db.backends  DEBUG  [90]   (0.008) SELECT `django_migrations`.`app`, `django_migrations`.`name` FROM `django_migrations`; args=()
2019-03-05 21:35:43  django.db.backends  DEBUG  [90]   (0.009) SELECT `django_migrations`.`app`, `django_migrations`.`name` FROM `django_migrations`; args=()
2019-03-05 21:35:45  django.db.backends  DEBUG  [90]   (0.024) SELECT @@SQL_AUTO_IS_NULL; args=None
2019-03-05 21:35:45  django.db.backends  DEBUG  [90]   (0.014) SELECT COUNT(*) AS `__count` FROM `auth_user`; args=()
2019-03-05 21:35:45  django.db.backends  DEBUG  [90]   (0.008) SELECT `auth_user`.`id`, `auth_user`.`username`, `auth_user`.`email`, `auth_user`.`is_active` FROM `auth_user` LIMIT 10; args=()
2019-03-05 21:35:45  django.db.backends  DEBUG  [90]   (0.010) SELECT `auth_user`.`id`, `auth_user`.`username`, `auth_user`.`email`, `auth_user`.`is_active` FROM `auth_user` LIMIT 10; args=()
2019-03-05 21:35:46  django.db.backends  DEBUG  [90]   (0.008) SELECT @@SQL_AUTO_IS_NULL; args=None
2019-03-05 21:35:46  django.db.backends  DEBUG  [90]   (0.009) SELECT COUNT(*) AS `__count` FROM `auth_user`; args=()
2019-03-05 21:35:46  django.db.backends  DEBUG  [90]   (0.009) SELECT `auth_user`.`id`, `auth_user`.`username`, `auth_user`.`email`, `auth_user`.`is_active` FROM `auth_user` LIMIT 10; args=()
2019-03-05 21:35:46  django.db.backends  DEBUG  [90]   (0.009) SELECT `auth_user`.`id`, `auth_user`.`username`, `auth_user`.`email`, `auth_user`.`is_active` FROM `auth_user` LIMIT 10; args=()
2019-03-05 21:35:47  django.db.backends  DEBUG  [90]   (0.007) SELECT @@SQL_AUTO_IS_NULL; args=None
2019-03-05 21:35:47  django.db.backends  DEBUG  [90]   (0.008) SELECT COUNT(*) AS `__count` FROM `auth_user`; args=()
2019-03-05 21:35:47  django.db.backends  DEBUG  [90]   (0.011) SELECT `auth_user`.`id`, `auth_user`.`username`, `auth_user`.`email`, `auth_user`.`is_active` FROM `auth_user` LIMIT 10; args=()
2019-03-05 21:35:47  django.db.backends  DEBUG  [90]   (0.008) SELECT `auth_user`.`id`, `auth_user`.`username`, `auth_user`.`email`, `auth_user`.`is_active` FROM `auth_user` LIMIT 10; args=()
2019-03-05 21:35:48  django.db.backends  DEBUG  [90]   (0.008) SELECT @@SQL_AUTO_IS_NULL; args=None
2019-03-05 21:35:48  django.db.backends  DEBUG  [90]   (0.010) SELECT COUNT(*) AS `__count` FROM `auth_user`; args=()
2019-03-05 21:35:48  django.db.backends  DEBUG  [90]   (0.010) SELECT `auth_user`.`id`, `auth_user`.`username`, `auth_user`.`email`, `auth_user`.`is_active` FROM `auth_user` LIMIT 10; args=()
2019-03-05 21:35:48  django.db.backends  DEBUG  [90]   (0.009) SELECT `auth_user`.`id`, `auth_user`.`username`, `auth_user`.`email`, `auth_user`.`is_active` FROM `auth_user` LIMIT 10; args=()
2019-03-05 21:35:49  django.db.backends  DEBUG  [90]   (0.008) SELECT @@SQL_AUTO_IS_NULL; args=None
2019-03-05 21:35:49  django.db.backends  DEBUG  [90]   (0.010) SELECT COUNT(*) AS `__count` FROM `auth_user`; args=()
2019-03-05 21:35:49  django.db.backends  DEBUG  [90]   (0.009) SELECT `auth_user`.`id`, `auth_user`.`username`, `auth_user`.`email`, `auth_user`.`is_active` FROM `auth_user` LIMIT 10; args=()
2019-03-05 21:35:49  django.db.backends  DEBUG  [90]   (0.009) SELECT `auth_user`.`id`, `auth_user`.`username`, `auth_user`.`email`, `auth_user`.`is_active` FROM `auth_user` LIMIT 10; args=()
2019-03-05 21:38:53  django.db.backends  DEBUG  [90]   (0.007) SELECT @@SQL_AUTO_IS_NULL; args=None
2019-03-05 21:38:53  django.db.backends  DEBUG  [90]   (0.008) SELECT COUNT(*) AS `__count` FROM `auth_user`; args=()
2019-03-05 21:38:53  django.db.backends  DEBUG  [90]   (0.009) SELECT `auth_user`.`id`, `auth_user`.`username`, `auth_user`.`email`, `auth_user`.`is_active` FROM `auth_user` LIMIT 10; args=()
2019-03-05 21:38:53  django.db.backends  DEBUG  [90]   (0.008) SELECT `auth_user`.`id`, `auth_user`.`username`, `auth_user`.`email`, `auth_user`.`is_active` FROM `auth_user` LIMIT 10; args=()
2019-03-05 21:38:54  django.db.backends  DEBUG  [90]   (0.007) SELECT @@SQL_AUTO_IS_NULL; args=None
2019-03-05 21:38:54  django.db.backends  DEBUG  [90]   (0.008) SELECT @@SQL_AUTO_IS_NULL; args=None
2019-03-05 21:38:54  django.db.backends  DEBUG  [90]   (0.007) SELECT VERSION(); args=None
2019-03-05 21:38:54  django.db.backends  DEBUG  [90]   (0.010) SELECT VERSION(); args=None
2019-03-05 21:38:54  django.db.backends  DEBUG  [90]   (0.009) SHOW FULL TABLES; args=None
2019-03-05 21:38:54  django.db.backends  DEBUG  [90]   (0.009) SHOW FULL TABLES; args=None
2019-03-05 21:38:54  django.db.backends  DEBUG  [90]   (0.008) SELECT `django_migrations`.`app`, `django_migrations`.`name` FROM `django_migrations`; args=()
2019-03-05 21:38:54  django.db.backends  DEBUG  [90]   (0.009) SELECT `django_migrations`.`app`, `django_migrations`.`name` FROM `django_migrations`; args=()
2019-03-05 21:39:01  django.db.backends  DEBUG  [90]   (0.010) SELECT @@SQL_AUTO_IS_NULL; args=None
2019-03-05 21:39:01  django.db.backends  DEBUG  [90]   (0.012) SELECT `auth_user`.`id`, `auth_user`.`username`, `auth_user`.`email`, `auth_user`.`is_active` FROM `auth_user` LIMIT 21; args=()
2019-03-05 21:39:01  django.db.backends  DEBUG  [90]   (0.010) SELECT `auth_user`.`id`, `auth_user`.`username`, `auth_user`.`email`, `auth_user`.`is_active` FROM `auth_user` LIMIT 21; args=()
2019-03-05 21:39:01  django.db.backends  DEBUG  [90]   (0.008) SELECT VERSION(); args=None
2019-03-05 21:39:01  django.db.backends  DEBUG  [90]   (0.008) SELECT `django_session`.`session_key`, `django_session`.`session_data`, `django_session`.`expire_date` FROM `django_session` WHERE (`django_session`.`session_key` = 'zab5hvavkkocczcnsab10ap9w0ern1pe' AND `django_session`.`expire_date` > '2019-03-05 13:39:01.237963'); args=('zab5hvavkkocczcnsab10ap9w0ern1pe', '2019-03-05 13:39:01.237963')
2019-03-05 21:39:01  django.db.backends  DEBUG  [90]   (0.011) SELECT `auth_user`.`id`, `auth_user`.`password`, `auth_user`.`last_login`, `auth_user`.`is_superuser`, `auth_user`.`username`, `auth_user`.`first_name`, `auth_user`.`last_name`, `auth_user`.`email`, `auth_user`.`is_staff`, `auth_user`.`is_active`, `auth_user`.`date_joined` FROM `auth_user` WHERE `auth_user`.`id` = 2; args=(2,)
2019-03-05 21:39:28  django.db.backends  DEBUG  [90]   (0.008) SELECT @@SQL_AUTO_IS_NULL; args=None
2019-03-05 21:39:28  django.db.backends  DEBUG  [90]   (0.008) SELECT @@SQL_AUTO_IS_NULL; args=None
2019-03-05 21:39:28  django.db.backends  DEBUG  [90]   (0.008) SELECT VERSION(); args=None
2019-03-05 21:39:28  django.db.backends  DEBUG  [90]   (0.008) SELECT VERSION(); args=None
2019-03-05 21:39:28  django.db.backends  DEBUG  [90]   (0.010) SHOW FULL TABLES; args=None
2019-03-05 21:39:28  django.db.backends  DEBUG  [90]   (0.009) SHOW FULL TABLES; args=None
2019-03-05 21:39:28  django.db.backends  DEBUG  [90]   (0.010) SELECT `django_migrations`.`app`, `django_migrations`.`name` FROM `django_migrations`; args=()
2019-03-05 21:39:28  django.db.backends  DEBUG  [90]   (0.010) SELECT `django_migrations`.`app`, `django_migrations`.`name` FROM `django_migrations`; args=()
2019-03-05 21:39:29  django.db.backends  DEBUG  [90]   (0.010) SELECT @@SQL_AUTO_IS_NULL; args=None
2019-03-05 21:39:29  django.db.backends  DEBUG  [90]   (0.014) SELECT `auth_user`.`id`, `auth_user`.`username`, `auth_user`.`email`, `auth_user`.`is_active` FROM `auth_user` LIMIT 21; args=()
2019-03-05 21:39:29  django.db.backends  DEBUG  [90]   (0.009) SELECT `auth_user`.`id`, `auth_user`.`username`, `auth_user`.`email`, `auth_user`.`is_active` FROM `auth_user` LIMIT 21; args=()
2019-03-05 21:39:29  django.db.backends  DEBUG  [90]   (0.008) SELECT VERSION(); args=None
2019-03-05 21:39:29  django.db.backends  DEBUG  [90]   (0.009) SELECT `django_session`.`session_key`, `django_session`.`session_data`, `django_session`.`expire_date` FROM `django_session` WHERE (`django_session`.`session_key` = 'zab5hvavkkocczcnsab10ap9w0ern1pe' AND `django_session`.`expire_date` > '2019-03-05 13:39:29.405718'); args=('zab5hvavkkocczcnsab10ap9w0ern1pe', '2019-03-05 13:39:29.405718')
2019-03-05 21:39:29  django.db.backends  DEBUG  [90]   (0.009) SELECT `auth_user`.`id`, `auth_user`.`password`, `auth_user`.`last_login`, `auth_user`.`is_superuser`, `auth_user`.`username`, `auth_user`.`first_name`, `auth_user`.`last_name`, `auth_user`.`email`, `auth_user`.`is_staff`, `auth_user`.`is_active`, `auth_user`.`date_joined` FROM `auth_user` WHERE `auth_user`.`id` = 2; args=(2,)
2019-03-05 21:39:31  django.db.backends  DEBUG  [90]   (0.007) SELECT @@SQL_AUTO_IS_NULL; args=None
2019-03-05 21:39:31  django.db.backends  DEBUG  [90]   (0.010) SELECT `auth_user`.`id`, `auth_user`.`username`, `auth_user`.`email`, `auth_user`.`is_active` FROM `auth_user` LIMIT 21; args=()
2019-03-05 21:39:31  django.db.backends  DEBUG  [90]   (0.010) SELECT `auth_user`.`id`, `auth_user`.`username`, `auth_user`.`email`, `auth_user`.`is_active` FROM `auth_user` LIMIT 21; args=()
2019-03-05 21:39:31  django.db.backends  DEBUG  [90]   (0.007) SELECT VERSION(); args=None
2019-03-05 21:39:31  django.db.backends  DEBUG  [90]   (0.008) SELECT `django_session`.`session_key`, `django_session`.`session_data`, `django_session`.`expire_date` FROM `django_session` WHERE (`django_session`.`session_key` = 'zab5hvavkkocczcnsab10ap9w0ern1pe' AND `django_session`.`expire_date` > '2019-03-05 13:39:31.629859'); args=('zab5hvavkkocczcnsab10ap9w0ern1pe', '2019-03-05 13:39:31.629859')
2019-03-05 21:39:31  django.db.backends  DEBUG  [90]   (0.008) SELECT `auth_user`.`id`, `auth_user`.`password`, `auth_user`.`last_login`, `auth_user`.`is_superuser`, `auth_user`.`username`, `auth_user`.`first_name`, `auth_user`.`last_name`, `auth_user`.`email`, `auth_user`.`is_staff`, `auth_user`.`is_active`, `auth_user`.`date_joined` FROM `auth_user` WHERE `auth_user`.`id` = 2; args=(2,)
2019-03-05 21:40:40  django.db.backends  DEBUG  [90]   (0.008) SELECT @@SQL_AUTO_IS_NULL; args=None
2019-03-05 21:40:40  django.db.backends  DEBUG  [90]   (0.006) SELECT @@SQL_AUTO_IS_NULL; args=None
2019-03-05 21:40:40  django.db.backends  DEBUG  [90]   (0.008) SELECT VERSION(); args=None
2019-03-05 21:40:40  django.db.backends  DEBUG  [90]   (0.009) SELECT VERSION(); args=None
2019-03-05 21:40:40  django.db.backends  DEBUG  [90]   (0.008) SHOW FULL TABLES; args=None
2019-03-05 21:40:40  django.db.backends  DEBUG  [90]   (0.009) SHOW FULL TABLES; args=None
2019-03-05 21:40:40  django.db.backends  DEBUG  [90]   (0.008) SELECT `django_migrations`.`app`, `django_migrations`.`name` FROM `django_migrations`; args=()
2019-03-05 21:40:40  django.db.backends  DEBUG  [90]   (0.009) SELECT `django_migrations`.`app`, `django_migrations`.`name` FROM `django_migrations`; args=()
2019-03-05 21:40:41  django.db.backends  DEBUG  [90]   (0.008) SELECT @@SQL_AUTO_IS_NULL; args=None
2019-03-05 21:40:41  django.db.backends  DEBUG  [90]   (0.010) SELECT `auth_user`.`id`, `auth_user`.`username`, `auth_user`.`email`, `auth_user`.`is_active` FROM `auth_user` LIMIT 21; args=()
2019-03-05 21:40:41  django.db.backends  DEBUG  [90]   (0.009) SELECT `auth_user`.`id`, `auth_user`.`username`, `auth_user`.`email`, `auth_user`.`is_active` FROM `auth_user` LIMIT 21; args=()
2019-03-05 21:40:41  django.db.backends  DEBUG  [90]   (0.009) SELECT VERSION(); args=None
2019-03-05 21:40:41  django.db.backends  DEBUG  [90]   (0.010) SELECT `django_session`.`session_key`, `django_session`.`session_data`, `django_session`.`expire_date` FROM `django_session` WHERE (`django_session`.`session_key` = 'zab5hvavkkocczcnsab10ap9w0ern1pe' AND `django_session`.`expire_date` > '2019-03-05 13:40:41.696321'); args=('zab5hvavkkocczcnsab10ap9w0ern1pe', '2019-03-05 13:40:41.696321')
2019-03-05 21:40:41  django.db.backends  DEBUG  [90]   (0.010) SELECT `auth_user`.`id`, `auth_user`.`password`, `auth_user`.`last_login`, `auth_user`.`is_superuser`, `auth_user`.`username`, `auth_user`.`first_name`, `auth_user`.`last_name`, `auth_user`.`email`, `auth_user`.`is_staff`, `auth_user`.`is_active`, `auth_user`.`date_joined` FROM `auth_user` WHERE `auth_user`.`id` = 2; args=(2,)
2019-03-05 21:41:26  django.db.backends  DEBUG  [90]   (0.011) SELECT @@SQL_AUTO_IS_NULL; args=None
2019-03-05 21:41:26  django.db.backends  DEBUG  [90]   (0.008) SELECT VERSION(); args=None
2019-03-05 21:41:26  django.db.backends  DEBUG  [90]   (0.009) SELECT @@SQL_AUTO_IS_NULL; args=None
2019-03-05 21:41:26  django.db.backends  DEBUG  [90]   (0.008) SELECT VERSION(); args=None
2019-03-05 21:41:26  django.db.backends  DEBUG  [90]   (0.008) SHOW FULL TABLES; args=None
2019-03-05 21:41:26  django.db.backends  DEBUG  [90]   (0.008) SELECT `django_migrations`.`app`, `django_migrations`.`name` FROM `django_migrations`; args=()
2019-03-05 21:41:26  django.db.backends  DEBUG  [90]   (0.008) SHOW FULL TABLES; args=None
2019-03-05 21:41:26  django.db.backends  DEBUG  [90]   (0.008) SELECT `django_migrations`.`app`, `django_migrations`.`name` FROM `django_migrations`; args=()
2019-03-05 21:41:27  django.db.backends  DEBUG  [90]   (0.018) SELECT @@SQL_AUTO_IS_NULL; args=None
2019-03-05 21:41:27  django.db.backends  DEBUG  [90]   (0.013) SELECT COUNT(*) AS `__count` FROM `auth_user`; args=()
2019-03-05 21:41:27  django.db.backends  DEBUG  [90]   (0.015) SELECT `auth_user`.`id`, `auth_user`.`username`, `auth_user`.`email`, `auth_user`.`is_active` FROM `auth_user` LIMIT 3; args=()
2019-03-05 21:41:27  django.db.backends  DEBUG  [90]   (0.016) SELECT `auth_user`.`id`, `auth_user`.`username`, `auth_user`.`email`, `auth_user`.`is_active` FROM `auth_user` LIMIT 3; args=()
2019-03-05 21:41:39  django.db.backends  DEBUG  [90]   (0.008) SELECT @@SQL_AUTO_IS_NULL; args=None
2019-03-05 21:41:39  django.db.backends  DEBUG  [90]   (0.011) SELECT COUNT(*) AS `__count` FROM `auth_user`; args=()
2019-03-05 21:41:39  django.db.backends  DEBUG  [90]   (0.009) SELECT `auth_user`.`id`, `auth_user`.`username`, `auth_user`.`email`, `auth_user`.`is_active` FROM `auth_user` LIMIT 3 OFFSET 297; args=()
2019-03-05 21:41:39  django.db.backends  DEBUG  [90]   (0.009) SELECT `auth_user`.`id`, `auth_user`.`username`, `auth_user`.`email`, `auth_user`.`is_active` FROM `auth_user` LIMIT 3 OFFSET 297; args=()
2019-03-05 21:44:55  django.db.backends  DEBUG  [90]   (0.010) SELECT @@SQL_AUTO_IS_NULL; args=None
2019-03-05 21:44:55  django.db.backends  DEBUG  [90]   (0.010) SELECT COUNT(*) AS `__count` FROM `auth_user`; args=()
2019-03-05 21:44:55  django.db.backends  DEBUG  [90]   (0.009) SELECT `auth_user`.`id`, `auth_user`.`username`, `auth_user`.`email`, `auth_user`.`is_active` FROM `auth_user` LIMIT 3 OFFSET 297; args=()
2019-03-05 21:44:55  django.db.backends  DEBUG  [90]   (0.009) SELECT `auth_user`.`id`, `auth_user`.`username`, `auth_user`.`email`, `auth_user`.`is_active` FROM `auth_user` LIMIT 3 OFFSET 297; args=()
