<<<<<<< HEAD
2019-03-06 17:45:32  django.server  WARNING  [124]   "GET / HTTP/1.1" 404 2078
2019-03-06 17:45:37  django.server  INFO  [124]   "GET /idcs HTTP/1.1" 301 0
2019-03-06 17:45:37  django.server  INFO  [124]   "GET /idcs/ HTTP/1.1" 200 373
2019-03-06 17:48:08  django.server  WARNING  [124]   "GET /login/ HTTP/1.1" 404 2114
2019-03-06 17:48:17  django.server  INFO  [124]   "GET /idcs/ HTTP/1.1" 200 373
2019-03-07 12:00:06  django.server  INFO  [124]   "GET /idcs/ HTTP/1.1" 200 733
2019-03-07 13:00:37  django.server  INFO  [124]   "POST /idcs/ HTTP/1.1" 200 8
2019-03-07 13:05:18  django.server  ERROR  [124]   "POST /idcs/ HTTP/1.1" 500 17059
2019-03-07 13:05:50  django.server  WARNING  [124]   "POST /idcs/ HTTP/1.1" 400 2
2019-03-07 13:15:07  django.server  WARNING  [124]   "GET /idcs/2/ HTTP/1.1" 404 2318
2019-03-07 13:16:45  django.server  WARNING  [124]   "GET /idcs/2/ HTTP/1.1" 404 2318
2019-03-07 13:16:55  django.server  INFO  [124]   "GET /idc_detail_v2/2/ HTTP/1.1" 200 127
2019-03-07 13:17:02  django.server  INFO  [124]   "GET /idc_detail_v2/1/ HTTP/1.1" 200 115
2019-03-07 13:17:06  django.server  INFO  [124]   "GET /idc_detail_v2/4/ HTTP/1.1" 200 121
2019-03-07 13:22:56  django.server  WARNING  [124]   "GET /dashboard/user/?page=100 HTTP/1.1" 404 2351
2019-03-07 13:23:02  django.server  INFO  [124]   "GET /idcs/ HTTP/1.1" 200 13172
2019-03-07 13:23:02  django.server  INFO  [124]   "GET /static/rest_framework/css/bootstrap.min.css HTTP/1.1" 200 121457
2019-03-07 13:23:02  django.server  INFO  [124]   "GET /static/rest_framework/css/bootstrap-tweaks.css HTTP/1.1" 200 3385
2019-03-07 13:23:03  django.server  INFO  [124]   "GET /static/rest_framework/css/prettify.css HTTP/1.1" 200 817
2019-03-07 13:23:03  django.server  INFO  [124]   "GET /static/rest_framework/css/default.css HTTP/1.1" 200 1131
2019-03-07 13:23:03  django.server  INFO  [124]   "GET /static/rest_framework/js/ajax-form.js HTTP/1.1" 200 3597
2019-03-07 13:23:03  django.server  INFO  [124]   "GET /static/rest_framework/js/csrf.js HTTP/1.1" 200 1719
2019-03-07 13:23:03  django.server  INFO  [124]   "GET /static/rest_framework/js/jquery-3.3.1.min.js HTTP/1.1" 200 86927
2019-03-07 13:23:03  django.server  INFO  [124]   "GET /static/rest_framework/js/bootstrap.min.js HTTP/1.1" 200 37608
2019-03-07 13:23:03  django.server  INFO  [124]   "GET /static/rest_framework/js/prettify-min.js HTTP/1.1" 200 13632
2019-03-07 13:23:03  django.server  INFO  [124]   "GET /static/rest_framework/js/default.js HTTP/1.1" 200 1268
2019-03-07 13:23:03  django.server  INFO  [124]   "GET /static/rest_framework/img/grid.png HTTP/1.1" 200 1458
2019-03-07 13:23:26  django.server  INFO  [124]   "GET /idcs/ HTTP/1.1" 200 13172
2019-03-07 13:23:31  django.server  INFO  [124]   "GET /idcs/?format=json HTTP/1.1" 200 733
2019-03-07 13:23:37  django.server  INFO  [124]   "GET /idcs/?format=api HTTP/1.1" 200 13227
2019-03-07 13:31:00  django.server  INFO  [124]   "GET /idcs.json HTTP/1.1" 200 733
2019-03-07 13:31:19  django.server  INFO  [124]   "GET /idcs.api HTTP/1.1" 200 13193
2019-03-07 13:31:26  django.server  WARNING  [124]   "GET /idcs/2.api HTTP/1.1" 404 2758
2019-03-07 13:31:52  django.server  INFO  [124]   "GET /idc_detail_v2/1.api HTTP/1.1" 200 115
2019-03-07 13:31:56  django.server  INFO  [124]   "GET /idc_detail_v2/1.json HTTP/1.1" 200 115
2019-03-07 13:32:28  django.server  WARNING  [124]   "GET /idcs.xml HTTP/1.1" 404 23
2019-03-07 13:34:34  django.server  INFO  [124]   "GET /idcs.api HTTP/1.1" 200 13193
2019-03-07 13:34:38  django.server  WARNING  [124]   "GET /idcs.xml HTTP/1.1" 404 23
2019-03-07 13:35:09  django.server  INFO  [124]   "GET /idcs/ HTTP/1.1" 200 13172
2019-03-07 13:35:16  django.server  INFO  [124]   "GET /idcs/ HTTP/1.1" 200 13172
2019-03-07 13:35:19  django.server  INFO  [124]   "GET /idcs/?format=api HTTP/1.1" 200 13227
2019-03-07 13:36:07  django.server  INFO  [124]   "GET /idcs/ HTTP/1.1" 200 13172
2019-03-07 13:36:26  django.server  INFO  [124]   "GET /idcs.json HTTP/1.1" 200 733
2019-03-07 13:36:55  django.server  WARNING  [124]   "GET /idcs/1.api HTTP/1.1" 404 2758
2019-03-07 13:37:07  django.server  INFO  [124]   "GET /idc_detail_v2/1.api HTTP/1.1" 200 115
2019-03-07 13:37:10  django.server  WARNING  [124]   "GET /idc_detail_v2/ HTTP/1.1" 404 2770
2019-03-07 13:37:15  django.server  INFO  [124]   "GET /idc_detail_v2/1.api HTTP/1.1" 200 115
2019-03-07 13:37:19  django.server  INFO  [124]   "GET /idc_detail_v2/1.json HTTP/1.1" 200 115
2019-03-07 13:37:49  django.server  WARNING  [124]   "GET /idcs/2.json HTTP/1.1" 404 2761
2019-03-07 13:38:04  django.server  WARNING  [124]   "GET /idcs/2.json HTTP/1.1" 404 2741
2019-03-07 13:38:18  django.server  WARNING  [124]   "GET /idcs/2.api HTTP/1.1" 404 2738
2019-03-07 13:38:53  django.server  WARNING  [124]   "GET /idcs/2.api HTTP/1.1" 404 2738
2019-03-07 13:38:55  django.server  WARNING  [124]   "GET /idcs/2.api HTTP/1.1" 404 2738
2019-03-07 13:39:25  django.server  WARNING  [124]   "GET /idcs/2.api HTTP/1.1" 404 2738
2019-03-07 13:39:27  django.server  WARNING  [124]   "GET /idcs/2.api HTTP/1.1" 404 2738
2019-03-07 13:39:30  django.server  WARNING  [124]   "GET /idcs/2 HTTP/1.1" 404 2726
2019-03-07 13:40:31  django.server  WARNING  [124]   "GET /idcs/2.json HTTP/1.1" 404 2753
2019-03-07 13:40:56  django.server  WARNING  [124]   "GET /idcs/2 HTTP/1.1" 404 2738
2019-03-07 13:41:17  django.server  INFO  [124]   "GET /idcs/2 HTTP/1.1" 301 0
2019-03-07 13:41:18  django.server  INFO  [124]   "GET /idcs/2/ HTTP/1.1" 200 12754
2019-03-07 13:41:25  django.server  INFO  [124]   "GET /idcs/2.api HTTP/1.1" 200 12778
2019-03-07 13:41:29  django.server  INFO  [124]   "GET /idcs/2.json HTTP/1.1" 200 127
2019-03-07 14:58:58  django.server  INFO  [124]   "GET / HTTP/1.1" 200 9519
2019-03-07 14:59:33  django.server  INFO  [124]   "GET / HTTP/1.1" 200 9597
2019-03-07 14:59:37  django.server  INFO  [124]   "GET /idcs/ HTTP/1.1" 200 13265
2019-03-07 15:02:10  django.server  INFO  [124]   "GET / HTTP/1.1" 200 9597
2019-03-07 15:02:16  django.server  INFO  [124]   "GET /idcs/ HTTP/1.1" 200 13265
2019-03-07 15:19:10  django.server  INFO  [124]   "GET /idcs/ HTTP/1.1" 200 13247
2019-03-07 15:19:12  django.server  ERROR  [124]   "GET / HTTP/1.1" 500 115620
2019-03-07 15:19:17  django.server  INFO  [124]   "GET /idcs/2/ HTTP/1.1" 200 12748
2019-03-07 15:19:34  django.server  WARNING  [124]   "GET /idcs/3/ HTTP/1.1" 404 12616
2019-03-07 15:19:38  django.server  INFO  [124]   "GET /idcs/4/ HTTP/1.1" 200 12748
2019-03-07 15:20:44  django.server  INFO  [124]   "GET /idcs/4/ HTTP/1.1" 200 12865
2019-03-07 16:13:06  django.server  INFO  [124]   "GET /idcs/ HTTP/1.1" 200 15942
2019-03-07 16:13:06  django.server  INFO  [124]   "GET /static/rest_framework/css/bootstrap.min.css HTTP/1.1" 304 0
2019-03-07 16:13:06  django.server  INFO  [124]   "GET /static/rest_framework/css/bootstrap-tweaks.css HTTP/1.1" 304 0
2019-03-07 16:13:06  django.server  INFO  [124]   "GET /static/rest_framework/css/default.css HTTP/1.1" 304 0
2019-03-07 16:13:06  django.server  INFO  [124]   "GET /static/rest_framework/css/prettify.css HTTP/1.1" 304 0
2019-03-07 16:13:06  django.server  INFO  [124]   "GET /static/rest_framework/js/jquery-3.3.1.min.js HTTP/1.1" 304 0
2019-03-07 16:13:06  django.server  INFO  [124]   "GET /static/rest_framework/js/ajax-form.js HTTP/1.1" 304 0
2019-03-07 16:13:06  django.server  INFO  [124]   "GET /static/rest_framework/js/csrf.js HTTP/1.1" 304 0
2019-03-07 16:13:06  django.server  INFO  [124]   "GET /static/rest_framework/js/bootstrap.min.js HTTP/1.1" 304 0
2019-03-07 16:13:06  django.server  INFO  [124]   "GET /static/rest_framework/js/prettify-min.js HTTP/1.1" 304 0
2019-03-07 16:13:06  django.server  INFO  [124]   "GET /static/rest_framework/js/default.js HTTP/1.1" 304 0
2019-03-07 16:13:06  django.server  INFO  [124]   "GET /static/rest_framework/img/grid.png HTTP/1.1" 304 0
2019-03-07 16:13:16  django.server  INFO  [124]   "GET /idcs.json HTTP/1.1" 200 733
2019-03-07 16:13:21  django.server  INFO  [124]   "GET /idcs/2.api HTTP/1.1" 200 12897
2019-03-07 16:17:30  django.server  INFO  [124]   "GET /idcs/ HTTP/1.1" 200 15942
2019-03-07 16:17:36  django.server  INFO  [124]   "GET /idcs/7 HTTP/1.1" 301 0
2019-03-07 16:17:36  django.server  INFO  [124]   "GET /idcs/7/ HTTP/1.1" 200 15438
2019-03-07 16:17:39  django.server  INFO  [124]   "DELETE /idcs/7/ HTTP/1.1" 200 15008
2019-03-07 16:17:46  django.server  INFO  [124]   "GET /idcs/ HTTP/1.1" 200 15602
2019-03-07 16:18:20  django.server  INFO  [124]   "GET /idcs/2/ HTTP/1.1" 200 15455
2019-03-07 16:18:27  django.server  INFO  [124]   "PUT /idcs/2/ HTTP/1.1" 200 15421
2019-03-07 16:18:36  django.server  INFO  [124]   "GET /idcs/ HTTP/1.1" 200 15566
2019-03-07 16:18:45  django.server  INFO  [124]   "GET /idcs/2/ HTTP/1.1" 200 15421
2019-03-07 16:18:49  django.server  INFO  [124]   "DELETE /idcs/2/ HTTP/1.1" 200 15008
2019-03-07 16:18:53  django.server  INFO  [124]   "GET /idcs/ HTTP/1.1" 200 15257
2019-03-07 16:19:00  django.server  INFO  [124]   "GET /idcs/1 HTTP/1.1" 301 0
2019-03-07 16:19:01  django.server  INFO  [124]   "GET /idcs/1/ HTTP/1.1" 200 15382
2019-03-07 16:19:04  django.server  INFO  [124]   "DELETE /idcs/1/ HTTP/1.1" 200 15008
2019-03-07 16:19:09  django.server  INFO  [124]   "GET /idcs/ HTTP/1.1" 200 14961
2019-03-07 16:42:55  django.server  INFO  [124]   "GET /idcs/ HTTP/1.1" 200 14961
2019-03-07 16:43:11  django.server  INFO  [124]   "GET /idcs/ HTTP/1.1" 200 14961
2019-03-07 16:45:55  django.server  WARNING  [124]   "GET /login/ HTTP/1.1" 404 2693
2019-03-07 16:46:49  django.server  INFO  [124]   "GET /idcs/ HTTP/1.1" 200 14961
2019-03-07 16:47:04  django.server  INFO  [124]   "GET /idcs/ HTTP/1.1" 200 14961
2019-03-07 16:47:17  django.server  WARNING  [124]   "GET /idcs/4 HTTP/1.1" 404 2693
2019-03-07 16:47:35  django.server  INFO  [124]   "GET /idcs/4 HTTP/1.1" 301 0
2019-03-07 16:47:35  django.server  INFO  [124]   "GET /idcs/4/ HTTP/1.1" 200 15645
2019-03-07 16:50:52  django.server  INFO  [124]   "GET /idcs/4/ HTTP/1.1" 200 15645
2019-03-07 16:50:52  django.server  INFO  [124]   "GET /static/rest_framework/js/jquery-3.3.1.min.js HTTP/1.1" 304 0
2019-03-07 16:50:52  django.server  INFO  [124]   "GET /static/rest_framework/js/bootstrap.min.js HTTP/1.1" 304 0
2019-03-07 16:50:52  django.server  INFO  [124]   "GET /static/rest_framework/js/ajax-form.js HTTP/1.1" 304 0
2019-03-07 16:50:52  django.server  INFO  [124]   "GET /static/rest_framework/js/csrf.js HTTP/1.1" 304 0
2019-03-07 16:50:52  django.server  INFO  [124]   "GET /static/rest_framework/js/prettify-min.js HTTP/1.1" 304 0
2019-03-07 16:50:52  django.server  INFO  [124]   "GET /static/rest_framework/js/default.js HTTP/1.1" 304 0
2019-03-07 16:50:52  django.server  INFO  [124]   "GET /static/rest_framework/img/grid.png HTTP/1.1" 304 0
2019-03-07 16:56:42  django.server  INFO  [124]   "GET /idcs/4/ HTTP/1.1" 200 15645
2019-03-07 16:56:45  django.server  INFO  [124]   "GET /idcs/4/ HTTP/1.1" 200 15645
2019-03-07 16:59:05  django.server  INFO  [124]   "OPTIONS /idcs/4/ HTTP/1.1" 200 17284
2019-03-07 16:59:16  django.server  INFO  [124]   "OPTIONS /idcs/4/ HTTP/1.1" 200 17284
2019-03-07 16:59:18  django.server  INFO  [124]   "GET /idcs/4/ HTTP/1.1" 200 15645
2019-03-07 17:17:25  django.server  ERROR  [124]   "GET /idcs/ HTTP/1.1" 500 91715
2019-03-07 17:19:54  django.server  INFO  [124]   "GET /idcs/ HTTP/1.1" 200 14934
2019-03-07 17:20:04  django.server  INFO  [124]   "GET /idcs/ HTTP/1.1" 200 14934
2019-03-07 17:20:39  django.server  INFO  [124]   "GET /idcs/ HTTP/1.1" 200 14934
2019-03-07 17:21:09  django.server  INFO  [124]   "GET /idcs/ HTTP/1.1" 200 14934
2019-03-07 17:24:52  django.server  INFO  [124]   "GET /idcs/ HTTP/1.1" 200 14934
2019-03-07 17:24:58  django.server  INFO  [124]   "GET /idcs/5 HTTP/1.1" 301 0
2019-03-07 17:24:58  django.server  INFO  [124]   "GET /idcs/5/ HTTP/1.1" 200 15380
2019-03-07 17:28:52  django.server  INFO  [124]   "GET /idcs/5/ HTTP/1.1" 200 15380
2019-03-07 17:29:04  django.server  INFO  [124]   "GET /idcs/5/ HTTP/1.1" 200 15380
2019-03-07 17:29:16  django.server  INFO  [124]   "GET /idcs/5/ HTTP/1.1" 200 15380
2019-03-07 17:29:23  django.server  ERROR  [124]   "GET /idcs/5/ HTTP/1.1" 500 74902
2019-03-07 17:29:43  django.server  ERROR  [124]   "GET /idcs/5/ HTTP/1.1" 500 74878
2019-03-07 17:29:48  django.server  ERROR  [124]   "GET /idcs/ HTTP/1.1" 500 74671
2019-03-07 17:30:01  django.server  INFO  [124]   "GET /idcs/ HTTP/1.1" 200 10626
2019-03-07 17:30:01  django.server  INFO  [124]   "GET /idcs/ HTTP/1.1" 200 10626
2019-03-07 17:30:02  django.server  ERROR  [124]   "GET /idcs/ HTTP/1.1" 500 59
2019-03-07 17:30:10  django.server  INFO  [124]   "GET /idcs/ HTTP/1.1" 200 10626
2019-03-07 17:30:18  django.server  INFO  [124]   "GET /idcs/ HTTP/1.1" 200 10626
2019-03-07 17:30:21  django.server  INFO  [124]   "GET /idcs/ HTTP/1.1" 200 10626
2019-03-07 17:30:22  django.server  INFO  [124]   "GET /idcs/ HTTP/1.1" 200 10626
2019-03-07 17:30:23  django.server  INFO  [124]   "GET /idcs/ HTTP/1.1" 200 10626
2019-03-07 17:30:24  django.server  INFO  [124]   "GET /idcs/ HTTP/1.1" 200 10626
2019-03-07 17:30:24  django.server  INFO  [124]   "GET /idcs/ HTTP/1.1" 200 10626
2019-03-07 17:30:25  django.server  INFO  [124]   "GET /idcs/ HTTP/1.1" 200 10626
2019-03-07 17:30:28  django.server  INFO  [124]   "GET /idcs/4/ HTTP/1.1" 200 10020
2019-03-07 17:30:38  django.server  INFO  [124]   "GET /idcs/4/ HTTP/1.1" 200 10020
2019-03-07 17:30:46  django.server  INFO  [124]   "GET /idcs/ HTTP/1.1" 200 10626
2019-03-07 17:30:49  django.server  INFO  [124]   "GET /idcs/ HTTP/1.1" 200 10626
2019-03-07 17:30:52  django.server  INFO  [124]   "GET /idcs/ HTTP/1.1" 200 10626
2019-03-07 17:46:18  django.server  INFO  [124]   "GET /idcs/ HTTP/1.1" 200 15042
2019-03-07 17:46:36  django.server  INFO  [124]   "GET /idcs/ HTTP/1.1" 200 15042
2019-03-07 17:46:46  django.server  INFO  [124]   "GET /idcs/ HTTP/1.1" 200 15042
2019-03-07 17:46:52  django.server  INFO  [124]   "GET /idcs/4/ HTTP/1.1" 200 15786
2019-03-07 17:48:19  django.server  WARNING  [124]   "GET /stark/asset/employee/list/ HTTP/1.1" 404 3445
2019-03-07 17:50:32  django.server  INFO  [124]   "GET /idcs HTTP/1.1" 301 0
2019-03-07 17:50:32  django.server  INFO  [124]   "GET /idcs/ HTTP/1.1" 200 367
2019-03-07 17:50:38  django.server  INFO  [124]   "GET /idcs/4 HTTP/1.1" 301 0
2019-03-07 17:50:38  django.server  INFO  [124]   "GET /idcs/4/ HTTP/1.1" 200 121
2019-03-07 17:51:23  django.server  INFO  [124]   "POST /idcs/ HTTP/1.1" 201 117
2019-03-07 17:51:28  django.server  INFO  [124]   "GET /idcs/ HTTP/1.1" 200 485
2019-03-07 17:51:51  django.server  INFO  [124]   "GET /idcs/ HTTP/1.1" 200 485
2019-03-07 18:52:43  django.server  INFO  [124]   "GET /idcs/ HTTP/1.1" 200 15378
2019-03-07 18:53:13  django.server  INFO  [124]   "GET /idcs/ HTTP/1.1" 200 15378
2019-03-07 18:53:32  django.server  INFO  [124]   "GET / HTTP/1.1" 200 9648
2019-03-07 18:55:03  django.server  INFO  [124]   "GET /idcs/ HTTP/1.1" 200 15378
2019-03-07 18:55:07  django.server  INFO  [124]   "GET /idcs/ HTTP/1.1" 200 15378
2019-03-07 19:12:40  django.server  WARNING  [124]   "GET /user/ HTTP/1.1" 404 3803
2019-03-07 19:12:57  django.server  WARNING  [124]   "GET /users/login/?next=/dashboard/ HTTP/1.1" 404 10004
2019-03-07 19:12:57  django.server  INFO  [124]   "GET /static/rest_framework/css/bootstrap.min.css HTTP/1.1" 304 0
2019-03-07 19:12:57  django.server  INFO  [124]   "GET /static/rest_framework/css/bootstrap-tweaks.css HTTP/1.1" 304 0
2019-03-07 19:12:57  django.server  INFO  [124]   "GET /static/rest_framework/css/prettify.css HTTP/1.1" 304 0
2019-03-07 19:12:57  django.server  INFO  [124]   "GET /static/rest_framework/css/default.css HTTP/1.1" 304 0
2019-03-07 19:13:02  django.server  INFO  [124]   "GET /users HTTP/1.1" 301 0
2019-03-07 19:13:02  django.server  INFO  [124]   "GET /users/ HTTP/1.1" 200 9684
2019-03-07 19:13:11  django.server  WARNING  [124]   "GET /idcc HTTP/1.1" 404 3800
2019-03-07 19:13:14  django.server  INFO  [124]   "GET /idcs/ HTTP/1.1" 200 15378
2019-03-07 19:13:24  django.server  INFO  [124]   "GET /users/ HTTP/1.1" 200 9684
2019-03-07 19:13:47  django.server  INFO  [124]   "GET / HTTP/1.1" 200 9771
2019-03-07 19:13:50  django.server  INFO  [124]   "GET /users/ HTTP/1.1" 200 9684
=======
2019-03-06 22:49:33  django.server  WARNING  [124]   "GET /stark/asset/fixphone/list HTTP/1.1" 404 2171
2019-03-06 22:50:01  django.server  INFO  [124]   "GET /idcs HTTP/1.1" 301 0
2019-03-06 22:50:02  django.server  INFO  [124]   "GET /idcs/ HTTP/1.1" 200 373
2019-03-06 22:50:02  django.server  WARNING  [124]   "GET /favicon.ico HTTP/1.1" 404 2129
2019-03-06 22:50:36  django.server  INFO  [124]   "GET /idcs/ HTTP/1.1" 200 373
2019-03-06 22:50:38  django.server  INFO  [124]   "GET /idcs/ HTTP/1.1" 200 373
2019-03-06 22:52:04  django.server  INFO  [124]   "GET /idcs/ HTTP/1.1" 200 373
2019-03-06 22:55:03  django.server  WARNING  [124]   "POST /idcs/ HTTP/1.1" 403 2857
2019-03-06 22:56:06  django.server  WARNING  [124]   "POST /idcs/ HTTP/1.1" 403 2857
2019-03-06 22:56:11  django.server  ERROR  [124]   "POST /idcs/ HTTP/1.1" 500 65233
2019-03-06 23:03:29  django.server  ERROR  [124]   "POST /idcs HTTP/1.1" 500 64471
2019-03-06 23:03:51  django.server  ERROR  [124]   "POST /idcs HTTP/1.1" 500 63969
2019-03-06 23:04:19  django.server  ERROR  [124]   "POST /idcs/ HTTP/1.1" 500 64677
2019-03-06 23:07:38  django.server  ERROR  [124]   "POST /idcs/ HTTP/1.1" 500 64677
2019-03-06 23:08:29  django.server  ERROR  [124]   "POST /idcs/ HTTP/1.1" 500 64677
2019-03-06 23:09:56  django.server  INFO  [124]   "POST /idcs/ HTTP/1.1" 200 0
2019-03-06 23:11:23  django.server  INFO  [124]   "POST /idcs/ HTTP/1.1" 200 9
2019-03-06 23:18:13  django.server  INFO  [124]   "POST /idcs/ HTTP/1.1" 200 9
2019-03-06 23:20:35  django.server  INFO  [124]   "POST /idcs/ HTTP/1.1" 200 121
2019-03-06 23:26:25  django.server  ERROR  [124]   "GET /idcs/ HTTP/1.1" 500 73659
2019-03-06 23:26:41  django.server  ERROR  [124]   "GET /idcs/ HTTP/1.1" 500 73665
2019-03-06 23:29:04  django.server  ERROR  [124]   "GET /idcs/ HTTP/1.1" 500 74739
2019-03-06 23:32:11  django.server  INFO  [124]   "GET /idcs/ HTTP/1.1" 200 739
2019-03-06 23:47:41  django.server  INFO  [124]   "GET /idcs/1 HTTP/1.1" 301 0
2019-03-06 23:47:42  django.server  ERROR  [124]   "GET /idcs/1/ HTTP/1.1" 500 92468
2019-03-06 23:48:20  django.server  ERROR  [124]   "GET /idcs/1/ HTTP/1.1" 500 92326
2019-03-06 23:48:31  django.server  ERROR  [124]   "GET /idcs/1/ HTTP/1.1" 500 92326
2019-03-06 23:50:18  django.server  INFO  [124]   "GET /idcs/1/ HTTP/1.1" 200 121
2019-03-06 23:50:24  django.server  INFO  [124]   "GET /idcs/2/ HTTP/1.1" 200 127
2019-03-06 23:50:29  django.server  INFO  [124]   "GET /idcs/3 HTTP/1.1" 301 0
2019-03-06 23:50:29  django.server  WARNING  [124]   "GET /idcs/3/ HTTP/1.1" 404 0
2019-03-06 23:50:41  django.server  WARNING  [124]   "GET /idcs/3/ HTTP/1.1" 404 0
2019-03-06 23:50:43  django.server  WARNING  [124]   "GET /idcs/3/ HTTP/1.1" 404 0
2019-03-06 23:50:49  django.server  INFO  [124]   "GET /idcs/4/ HTTP/1.1" 200 121
2019-03-06 23:52:14  django.server  INFO  [124]   "GET /idcs/1/ HTTP/1.1" 200 121
2019-03-06 23:52:54  django.server  INFO  [124]   "PUT /idcs/1/ HTTP/1.1" 200 115
2019-03-06 23:53:17  django.server  INFO  [124]   "GET /idcs/1/ HTTP/1.1" 200 115
2019-03-06 23:54:25  django.server  INFO  [124]   "GET /idcs/1/ HTTP/1.1" 200 115
2019-03-06 23:54:26  django.server  INFO  [124]   "GET /idcs/1/ HTTP/1.1" 200 115
2019-03-06 23:54:27  django.server  INFO  [124]   "GET /idcs/1/ HTTP/1.1" 200 115
2019-03-06 23:54:35  django.server  INFO  [124]   "PUT /idcs/1/ HTTP/1.1" 200 115
2019-03-06 23:57:02  django.server  INFO  [124]   "PUT /idcs/1/ HTTP/1.1" 200 115
2019-03-06 23:57:04  django.server  INFO  [124]   "PUT /idcs/1/ HTTP/1.1" 200 115
2019-03-06 23:57:06  django.server  INFO  [124]   "PUT /idcs/1/ HTTP/1.1" 200 115
2019-03-06 23:57:07  django.server  INFO  [124]   "PUT /idcs/1/ HTTP/1.1" 200 115
2019-03-06 23:57:08  django.server  INFO  [124]   "PUT /idcs/1/ HTTP/1.1" 200 115
2019-03-06 23:57:09  django.server  INFO  [124]   "PUT /idcs/1/ HTTP/1.1" 200 115
>>>>>>> 28de3e67c806bd548f32ba1fec70e7e0ab4fa46f
